
*** Running vivado
    with args -log TopLevelProcessor.vds -m64 -product Vivado -mode batch -messageDb vivado.pb -notrace -source TopLevelProcessor.tcl



****** Vivado v2020.1 (64-bit)
  **** SW Build 2902540 on Wed May 27 19:54:49 MDT 2020
  **** IP Build 2902112 on Wed May 27 22:43:36 MDT 2020
    ** Copyright 1986-2020 Xilinx, Inc. All Rights Reserved.

source TopLevelProcessor.tcl -notrace
Command: synth_design -top TopLevelProcessor -part xc7a35tcpg236-1
Starting synth_design
Attempting to get a license for feature 'Synthesis' and/or device 'xc7a35t'
INFO: [Common 17-349] Got license for feature 'Synthesis' and/or device 'xc7a35t'
INFO: [Device 21-403] Loading part xc7a35tcpg236-1
INFO: [Synth 8-7079] Multithreading enabled for synth_design using a maximum of 2 processes.
INFO: [Synth 8-7078] Launching helper process for spawning children vivado processes
INFO: [Synth 8-7075] Helper process launched with PID 21460
---------------------------------------------------------------------------------
Starting RTL Elaboration : Time (s): cpu = 00:00:02 ; elapsed = 00:00:03 . Memory (MB): peak = 1028.539 ; gain = 0.000
---------------------------------------------------------------------------------
INFO: [Synth 8-6157] synthesizing module 'TopLevelProcessor' [E:/Semester 4/Computer Architecture/Labs/Lab 11/CA-labs-mm09736-spring-26--main/CA-labs-mm09736-spring-26--main/vivavo files/project_1.srcs/sources_1/new/TopLevelProcessor.v:3]
INFO: [Synth 8-6157] synthesizing module 'top_timer' [E:/Semester 4/Computer Architecture/Labs/Lab 11/CA-labs-mm09736-spring-26--main/CA-labs-mm09736-spring-26--main/vivavo files/project_1.srcs/sources_1/new/top_timer.v:2]
INFO: [Synth 8-6155] done synthesizing module 'top_timer' (1#1) [E:/Semester 4/Computer Architecture/Labs/Lab 11/CA-labs-mm09736-spring-26--main/CA-labs-mm09736-spring-26--main/vivavo files/project_1.srcs/sources_1/new/top_timer.v:2]
INFO: [Synth 8-6157] synthesizing module 'seven_segment_display' [E:/Semester 4/Computer Architecture/Labs/Lab 11/CA-labs-mm09736-spring-26--main/CA-labs-mm09736-spring-26--main/vivavo files/project_1.srcs/sources_1/new/seven_segment_display.v:3]
	Parameter MUX_RATE bound to: 16'b0011000011010100 
INFO: [Synth 8-226] default block is never used [E:/Semester 4/Computer Architecture/Labs/Lab 11/CA-labs-mm09736-spring-26--main/CA-labs-mm09736-spring-26--main/vivavo files/project_1.srcs/sources_1/new/seven_segment_display.v:43]
WARNING: [Synth 8-151] case item 4'b1010 is unreachable [E:/Semester 4/Computer Architecture/Labs/Lab 11/CA-labs-mm09736-spring-26--main/CA-labs-mm09736-spring-26--main/vivavo files/project_1.srcs/sources_1/new/seven_segment_display.v:69]
INFO: [Synth 8-6155] done synthesizing module 'seven_segment_display' (2#1) [E:/Semester 4/Computer Architecture/Labs/Lab 11/CA-labs-mm09736-spring-26--main/CA-labs-mm09736-spring-26--main/vivavo files/project_1.srcs/sources_1/new/seven_segment_display.v:3]
INFO: [Synth 8-6157] synthesizing module 'mux2' [E:/Semester 4/Computer Architecture/Labs/Lab 11/CA-labs-mm09736-spring-26--main/CA-labs-mm09736-spring-26--main/vivavo files/project_1.srcs/sources_1/new/mux2.v:2]
INFO: [Synth 8-6155] done synthesizing module 'mux2' (3#1) [E:/Semester 4/Computer Architecture/Labs/Lab 11/CA-labs-mm09736-spring-26--main/CA-labs-mm09736-spring-26--main/vivavo files/project_1.srcs/sources_1/new/mux2.v:2]
INFO: [Synth 8-6157] synthesizing module 'ProgramCounter' [E:/Semester 4/Computer Architecture/Labs/Lab 11/CA-labs-mm09736-spring-26--main/CA-labs-mm09736-spring-26--main/vivavo files/project_1.srcs/sources_1/new/ProgramCounter.v:2]
INFO: [Synth 8-6155] done synthesizing module 'ProgramCounter' (4#1) [E:/Semester 4/Computer Architecture/Labs/Lab 11/CA-labs-mm09736-spring-26--main/CA-labs-mm09736-spring-26--main/vivavo files/project_1.srcs/sources_1/new/ProgramCounter.v:2]
INFO: [Synth 8-6157] synthesizing module 'pcAdder' [E:/Semester 4/Computer Architecture/Labs/Lab 11/CA-labs-mm09736-spring-26--main/CA-labs-mm09736-spring-26--main/vivavo files/project_1.srcs/sources_1/new/pcAdder.v:2]
INFO: [Synth 8-6155] done synthesizing module 'pcAdder' (5#1) [E:/Semester 4/Computer Architecture/Labs/Lab 11/CA-labs-mm09736-spring-26--main/CA-labs-mm09736-spring-26--main/vivavo files/project_1.srcs/sources_1/new/pcAdder.v:2]
INFO: [Synth 8-6157] synthesizing module 'InstructionMemory' [E:/Semester 4/Computer Architecture/Labs/Lab 11/CA-labs-mm09736-spring-26--main/CA-labs-mm09736-spring-26--main/vivavo files/project_1.srcs/sources_1/new/InstructionMemory.v:3]
INFO: [Synth 8-3876] $readmem data file 'machine_code.mem' is read successfully [E:/Semester 4/Computer Architecture/Labs/Lab 11/CA-labs-mm09736-spring-26--main/CA-labs-mm09736-spring-26--main/vivavo files/project_1.srcs/sources_1/new/InstructionMemory.v:13]
INFO: [Synth 8-6155] done synthesizing module 'InstructionMemory' (6#1) [E:/Semester 4/Computer Architecture/Labs/Lab 11/CA-labs-mm09736-spring-26--main/CA-labs-mm09736-spring-26--main/vivavo files/project_1.srcs/sources_1/new/InstructionMemory.v:3]
INFO: [Synth 8-6157] synthesizing module 'ControlUnit' [E:/Semester 4/Computer Architecture/Labs/Lab 11/CA-labs-mm09736-spring-26--main/CA-labs-mm09736-spring-26--main/vivavo files/project_1.srcs/sources_1/new/ControlUnit.v:2]
INFO: [Synth 8-6155] done synthesizing module 'ControlUnit' (7#1) [E:/Semester 4/Computer Architecture/Labs/Lab 11/CA-labs-mm09736-spring-26--main/CA-labs-mm09736-spring-26--main/vivavo files/project_1.srcs/sources_1/new/ControlUnit.v:2]
INFO: [Synth 8-6157] synthesizing module 'RegisterFile' [E:/Semester 4/Computer Architecture/Labs/Lab 11/CA-labs-mm09736-spring-26--main/CA-labs-mm09736-spring-26--main/vivavo files/project_1.srcs/sources_1/new/registerfile.v:3]
INFO: [Synth 8-6155] done synthesizing module 'RegisterFile' (8#1) [E:/Semester 4/Computer Architecture/Labs/Lab 11/CA-labs-mm09736-spring-26--main/CA-labs-mm09736-spring-26--main/vivavo files/project_1.srcs/sources_1/new/registerfile.v:3]
INFO: [Synth 8-6157] synthesizing module 'immGen' [E:/Semester 4/Computer Architecture/Labs/Lab 11/CA-labs-mm09736-spring-26--main/CA-labs-mm09736-spring-26--main/vivavo files/project_1.srcs/sources_1/new/immGen.v:2]
INFO: [Synth 8-6155] done synthesizing module 'immGen' (9#1) [E:/Semester 4/Computer Architecture/Labs/Lab 11/CA-labs-mm09736-spring-26--main/CA-labs-mm09736-spring-26--main/vivavo files/project_1.srcs/sources_1/new/immGen.v:2]
INFO: [Synth 8-6157] synthesizing module 'ALUControl' [E:/Semester 4/Computer Architecture/Labs/Lab 11/CA-labs-mm09736-spring-26--main/CA-labs-mm09736-spring-26--main/vivavo files/project_1.srcs/sources_1/new/ALU control.v:2]
INFO: [Synth 8-226] default block is never used [E:/Semester 4/Computer Architecture/Labs/Lab 11/CA-labs-mm09736-spring-26--main/CA-labs-mm09736-spring-26--main/vivavo files/project_1.srcs/sources_1/new/ALU control.v:9]
INFO: [Synth 8-6155] done synthesizing module 'ALUControl' (10#1) [E:/Semester 4/Computer Architecture/Labs/Lab 11/CA-labs-mm09736-spring-26--main/CA-labs-mm09736-spring-26--main/vivavo files/project_1.srcs/sources_1/new/ALU control.v:2]
INFO: [Synth 8-6157] synthesizing module 'ALU' [E:/Semester 4/Computer Architecture/Labs/Lab 11/CA-labs-mm09736-spring-26--main/CA-labs-mm09736-spring-26--main/vivavo files/project_1.srcs/sources_1/new/ALU.v:2]
INFO: [Synth 8-6155] done synthesizing module 'ALU' (11#1) [E:/Semester 4/Computer Architecture/Labs/Lab 11/CA-labs-mm09736-spring-26--main/CA-labs-mm09736-spring-26--main/vivavo files/project_1.srcs/sources_1/new/ALU.v:2]
INFO: [Synth 8-6157] synthesizing module 'branchAdder' [E:/Semester 4/Computer Architecture/Labs/Lab 11/CA-labs-mm09736-spring-26--main/CA-labs-mm09736-spring-26--main/vivavo files/project_1.srcs/sources_1/new/branchAdder.v:2]
INFO: [Synth 8-6155] done synthesizing module 'branchAdder' (12#1) [E:/Semester 4/Computer Architecture/Labs/Lab 11/CA-labs-mm09736-spring-26--main/CA-labs-mm09736-spring-26--main/vivavo files/project_1.srcs/sources_1/new/branchAdder.v:2]
INFO: [Synth 8-6157] synthesizing module 'DataMemory' [E:/Semester 4/Computer Architecture/Labs/Lab 11/CA-labs-mm09736-spring-26--main/CA-labs-mm09736-spring-26--main/vivavo files/project_1.srcs/sources_1/new/DataMemory.v:3]
INFO: [Synth 8-6155] done synthesizing module 'DataMemory' (13#1) [E:/Semester 4/Computer Architecture/Labs/Lab 11/CA-labs-mm09736-spring-26--main/CA-labs-mm09736-spring-26--main/vivavo files/project_1.srcs/sources_1/new/DataMemory.v:3]
INFO: [Synth 8-6155] done synthesizing module 'TopLevelProcessor' (14#1) [E:/Semester 4/Computer Architecture/Labs/Lab 11/CA-labs-mm09736-spring-26--main/CA-labs-mm09736-spring-26--main/vivavo files/project_1.srcs/sources_1/new/TopLevelProcessor.v:3]
---------------------------------------------------------------------------------
Finished RTL Elaboration : Time (s): cpu = 00:00:03 ; elapsed = 00:00:03 . Memory (MB): peak = 1028.539 ; gain = 0.000
---------------------------------------------------------------------------------
---------------------------------------------------------------------------------
Start Handling Custom Attributes
---------------------------------------------------------------------------------
---------------------------------------------------------------------------------
Finished Handling Custom Attributes : Time (s): cpu = 00:00:03 ; elapsed = 00:00:04 . Memory (MB): peak = 1028.539 ; gain = 0.000
---------------------------------------------------------------------------------
---------------------------------------------------------------------------------
Finished RTL Optimization Phase 1 : Time (s): cpu = 00:00:03 ; elapsed = 00:00:04 . Memory (MB): peak = 1028.539 ; gain = 0.000
---------------------------------------------------------------------------------
Netlist sorting complete. Time (s): cpu = 00:00:00 ; elapsed = 00:00:00.014 . Memory (MB): peak = 1028.539 ; gain = 0.000
INFO: [Project 1-570] Preparing netlist for logic optimization

Processing XDC Constraints
Initializing timing engine
Parsing XDC File [E:/Semester 4/Computer Architecture/Labs/Lab 11/CA-labs-mm09736-spring-26--main/CA-labs-mm09736-spring-26--main/vivavo files/project_1.srcs/constrs_1/new/final_const.xdc]
CRITICAL WARNING: [Common 17-163] Missing value for option 'objects', please type 'set_property -help' for usage info. [E:/Semester 4/Computer Architecture/Labs/Lab 11/CA-labs-mm09736-spring-26--main/CA-labs-mm09736-spring-26--main/vivavo files/project_1.srcs/constrs_1/new/final_const.xdc:39]
CRITICAL WARNING: [Common 17-163] Missing value for option 'objects', please type 'set_property -help' for usage info. [E:/Semester 4/Computer Architecture/Labs/Lab 11/CA-labs-mm09736-spring-26--main/CA-labs-mm09736-spring-26--main/vivavo files/project_1.srcs/constrs_1/new/final_const.xdc:40]
CRITICAL WARNING: [Common 17-163] Missing value for option 'objects', please type 'set_property -help' for usage info. [E:/Semester 4/Computer Architecture/Labs/Lab 11/CA-labs-mm09736-spring-26--main/CA-labs-mm09736-spring-26--main/vivavo files/project_1.srcs/constrs_1/new/final_const.xdc:41]
Finished Parsing XDC File [E:/Semester 4/Computer Architecture/Labs/Lab 11/CA-labs-mm09736-spring-26--main/CA-labs-mm09736-spring-26--main/vivavo files/project_1.srcs/constrs_1/new/final_const.xdc]
INFO: [Project 1-236] Implementation specific constraints were found while reading constraint file [E:/Semester 4/Computer Architecture/Labs/Lab 11/CA-labs-mm09736-spring-26--main/CA-labs-mm09736-spring-26--main/vivavo files/project_1.srcs/constrs_1/new/final_const.xdc]. These constraints will be ignored for synthesis but will be used in implementation. Impacted constraints are listed in the file [.Xil/TopLevelProcessor_propImpl.xdc].
Resolution: To avoid this warning, move constraints listed in [.Xil/TopLevelProcessor_propImpl.xdc] to another XDC file and exclude this new file from synthesis with the used_in_synthesis property (File Properties dialog in GUI) and re-run elaboration/synthesis.
Completed Processing XDC Constraints

Netlist sorting complete. Time (s): cpu = 00:00:00 ; elapsed = 00:00:00 . Memory (MB): peak = 1043.445 ; gain = 0.000
INFO: [Project 1-111] Unisim Transformation Summary:
No Unisim elements were transformed.

Constraint Validation Runtime : Time (s): cpu = 00:00:00 ; elapsed = 00:00:00.005 . Memory (MB): peak = 1043.445 ; gain = 0.000
---------------------------------------------------------------------------------
Finished Constraint Validation : Time (s): cpu = 00:00:07 ; elapsed = 00:00:08 . Memory (MB): peak = 1043.445 ; gain = 14.906
---------------------------------------------------------------------------------
---------------------------------------------------------------------------------
Start Loading Part and Timing Information
---------------------------------------------------------------------------------
Loading part: xc7a35tcpg236-1
---------------------------------------------------------------------------------
Finished Loading Part and Timing Information : Time (s): cpu = 00:00:07 ; elapsed = 00:00:08 . Memory (MB): peak = 1043.445 ; gain = 14.906
---------------------------------------------------------------------------------
---------------------------------------------------------------------------------
Start Applying 'set_property' XDC Constraints
---------------------------------------------------------------------------------
---------------------------------------------------------------------------------
Finished applying 'set_property' XDC Constraints : Time (s): cpu = 00:00:07 ; elapsed = 00:00:08 . Memory (MB): peak = 1043.445 ; gain = 14.906
---------------------------------------------------------------------------------
---------------------------------------------------------------------------------
Finished RTL Optimization Phase 2 : Time (s): cpu = 00:00:08 ; elapsed = 00:00:08 . Memory (MB): peak = 1043.445 ; gain = 14.906
---------------------------------------------------------------------------------
---------------------------------------------------------------------------------
Start RTL Component Statistics 
---------------------------------------------------------------------------------
Detailed RTL Component Info : 
+---Adders : 
	   2 Input   32 Bit       Adders := 4     
	   3 Input   32 Bit       Adders := 1     
	   2 Input   25 Bit       Adders := 1     
	   2 Input   16 Bit       Adders := 1     
	   2 Input    2 Bit       Adders := 1     
+---XORs : 
	   2 Input     32 Bit         XORs := 1     
+---Registers : 
	               32 Bit    Registers := 33    
	               25 Bit    Registers := 1     
	               16 Bit    Registers := 2     
	                2 Bit    Registers := 1     
	                1 Bit    Registers := 1     
+---Muxes : 
	   2 Input   32 Bit        Muxes := 8     
	  11 Input   32 Bit        Muxes := 1     
	  33 Input   32 Bit        Muxes := 2     
	   5 Input   32 Bit        Muxes := 1     
	   4 Input    4 Bit        Muxes := 2     
	   5 Input    3 Bit        Muxes := 1     
	   6 Input    3 Bit        Muxes := 2     
	   9 Input    2 Bit        Muxes := 2     
	   9 Input    1 Bit        Muxes := 8     
	   2 Input    1 Bit        Muxes := 34    
---------------------------------------------------------------------------------
Finished RTL Component Statistics 
---------------------------------------------------------------------------------
---------------------------------------------------------------------------------
Start Part Resource Summary
---------------------------------------------------------------------------------
Part Resources:
DSPs: 90 (col length:60)
BRAMs: 100 (col length: RAMB18 60 RAMB36 30)
---------------------------------------------------------------------------------
Finished Part Resource Summary
---------------------------------------------------------------------------------
---------------------------------------------------------------------------------
Start Cross Boundary and Area Optimization
---------------------------------------------------------------------------------
---------------------------------------------------------------------------------
Finished Cross Boundary and Area Optimization : Time (s): cpu = 00:00:18 ; elapsed = 00:00:19 . Memory (MB): peak = 1043.445 ; gain = 14.906
---------------------------------------------------------------------------------
---------------------------------------------------------------------------------
Start ROM, RAM, DSP and Shift Register Reporting
---------------------------------------------------------------------------------

Distributed RAM: Preliminary Mapping	Report (see note below)
+------------------+----------------------+-----------+----------------------+-----------------+
|Module Name       | RTL Object           | Inference | Size (Depth x Width) | Primitives      | 
+------------------+----------------------+-----------+----------------------+-----------------+
|TopLevelProcessor | dmem_inst/memory_reg | Implied   | 256 x 32             | RAM256X1S x 32	 | 
+------------------+----------------------+-----------+----------------------+-----------------+

Note: The table above is a preliminary report that shows the Distributed RAMs at the current stage of the synthesis flow. Some Distributed RAMs may be reimplemented as non Distributed RAM primitives later in the synthesis flow. Multiple instantiated RAMs are reported only once.
---------------------------------------------------------------------------------
Finished ROM, RAM, DSP and Shift Register Reporting
---------------------------------------------------------------------------------
---------------------------------------------------------------------------------
Start Applying XDC Timing Constraints
---------------------------------------------------------------------------------
---------------------------------------------------------------------------------
Finished Applying XDC Timing Constraints : Time (s): cpu = 00:00:23 ; elapsed = 00:00:24 . Memory (MB): peak = 1043.445 ; gain = 14.906
---------------------------------------------------------------------------------
---------------------------------------------------------------------------------
Start Timing Optimization
---------------------------------------------------------------------------------
---------------------------------------------------------------------------------
Finished Timing Optimization : Time (s): cpu = 00:00:23 ; elapsed = 00:00:24 . Memory (MB): peak = 1043.445 ; gain = 14.906
---------------------------------------------------------------------------------
---------------------------------------------------------------------------------
Start ROM, RAM, DSP and Shift Register Reporting
---------------------------------------------------------------------------------

Distributed RAM: Final Mapping	Report
+------------------+----------------------+-----------+----------------------+-----------------+
|Module Name       | RTL Object           | Inference | Size (Depth x Width) | Primitives      | 
+------------------+----------------------+-----------+----------------------+-----------------+
|TopLevelProcessor | dmem_inst/memory_reg | Implied   | 256 x 32             | RAM256X1S x 32	 | 
+------------------+----------------------+-----------+----------------------+-----------------+

---------------------------------------------------------------------------------
Finished ROM, RAM, DSP and Shift Register Reporting
---------------------------------------------------------------------------------
---------------------------------------------------------------------------------
Start Technology Mapping
---------------------------------------------------------------------------------
---------------------------------------------------------------------------------
Finished Technology Mapping : Time (s): cpu = 00:00:24 ; elapsed = 00:00:25 . Memory (MB): peak = 1054.633 ; gain = 26.094
---------------------------------------------------------------------------------
---------------------------------------------------------------------------------
Start IO Insertion
---------------------------------------------------------------------------------
---------------------------------------------------------------------------------
Start Flattening Before IO Insertion
---------------------------------------------------------------------------------
---------------------------------------------------------------------------------
Finished Flattening Before IO Insertion
---------------------------------------------------------------------------------
---------------------------------------------------------------------------------
Start Final Netlist Cleanup
---------------------------------------------------------------------------------
---------------------------------------------------------------------------------
Finished Final Netlist Cleanup
---------------------------------------------------------------------------------
---------------------------------------------------------------------------------
Finished IO Insertion : Time (s): cpu = 00:00:25 ; elapsed = 00:00:26 . Memory (MB): peak = 1059.887 ; gain = 31.348
---------------------------------------------------------------------------------
---------------------------------------------------------------------------------
Start Renaming Generated Instances
---------------------------------------------------------------------------------
---------------------------------------------------------------------------------
Finished Renaming Generated Instances : Time (s): cpu = 00:00:25 ; elapsed = 00:00:26 . Memory (MB): peak = 1059.887 ; gain = 31.348
---------------------------------------------------------------------------------
---------------------------------------------------------------------------------
Start Rebuilding User Hierarchy
---------------------------------------------------------------------------------
---------------------------------------------------------------------------------
Finished Rebuilding User Hierarchy : Time (s): cpu = 00:00:25 ; elapsed = 00:00:26 . Memory (MB): peak = 1059.887 ; gain = 31.348
---------------------------------------------------------------------------------
---------------------------------------------------------------------------------
Start Renaming Generated Ports
---------------------------------------------------------------------------------
---------------------------------------------------------------------------------
Finished Renaming Generated Ports : Time (s): cpu = 00:00:25 ; elapsed = 00:00:26 . Memory (MB): peak = 1059.887 ; gain = 31.348
---------------------------------------------------------------------------------
---------------------------------------------------------------------------------
Start Handling Custom Attributes
---------------------------------------------------------------------------------
---------------------------------------------------------------------------------
Finished Handling Custom Attributes : Time (s): cpu = 00:00:25 ; elapsed = 00:00:26 . Memory (MB): peak = 1059.887 ; gain = 31.348
---------------------------------------------------------------------------------
---------------------------------------------------------------------------------
Start Renaming Generated Nets
---------------------------------------------------------------------------------
---------------------------------------------------------------------------------
Finished Renaming Generated Nets : Time (s): cpu = 00:00:25 ; elapsed = 00:00:26 . Memory (MB): peak = 1059.887 ; gain = 31.348
---------------------------------------------------------------------------------
---------------------------------------------------------------------------------
Start Writing Synthesis Report
---------------------------------------------------------------------------------

Report BlackBoxes: 
+-+--------------+----------+
| |BlackBox name |Instances |
+-+--------------+----------+
+-+--------------+----------+

Report Cell Usage: 
+------+-------+------+
|      |Cell   |Count |
+------+-------+------+
|1     |BUFG   |     2|
|2     |CARRY4 |    50|
|3     |LUT1   |     4|
|4     |LUT2   |    22|
|5     |LUT3   |    91|
|6     |LUT4   |   155|
|7     |LUT5   |    88|
|8     |LUT6   |   218|
|9     |MUXF7  |    28|
|10    |FDCE   |    37|
|11    |FDRE   |   188|
|12    |IBUF   |     2|
|13    |OBUF   |    11|
+------+-------+------+
---------------------------------------------------------------------------------
Finished Writing Synthesis Report : Time (s): cpu = 00:00:25 ; elapsed = 00:00:26 . Memory (MB): peak = 1059.887 ; gain = 31.348
---------------------------------------------------------------------------------
Synthesis finished with 0 errors, 0 critical warnings and 0 warnings.
Synthesis Optimization Runtime : Time (s): cpu = 00:00:20 ; elapsed = 00:00:25 . Memory (MB): peak = 1059.887 ; gain = 16.441
Synthesis Optimization Complete : Time (s): cpu = 00:00:25 ; elapsed = 00:00:26 . Memory (MB): peak = 1059.887 ; gain = 31.348
INFO: [Project 1-571] Translating synthesized netlist
Netlist sorting complete. Time (s): cpu = 00:00:00 ; elapsed = 00:00:00.008 . Memory (MB): peak = 1072.094 ; gain = 0.000
INFO: [Netlist 29-17] Analyzing 78 Unisim elements for replacement
INFO: [Netlist 29-28] Unisim Transformation completed in 0 CPU seconds
INFO: [Project 1-570] Preparing netlist for logic optimization
INFO: [Opt 31-138] Pushed 0 inverter(s) to 0 load pin(s).
Netlist sorting complete. Time (s): cpu = 00:00:00 ; elapsed = 00:00:00 . Memory (MB): peak = 1072.094 ; gain = 0.000
INFO: [Project 1-111] Unisim Transformation Summary:
No Unisim elements were transformed.

INFO: [Common 17-83] Releasing license: Synthesis
46 Infos, 1 Warnings, 3 Critical Warnings and 0 Errors encountered.
synth_design completed successfully
synth_design: Time (s): cpu = 00:00:29 ; elapsed = 00:00:31 . Memory (MB): peak = 1072.094 ; gain = 43.555
INFO: [Common 17-1381] The checkpoint 'E:/Semester 4/Computer Architecture/Labs/Lab 11/CA-labs-mm09736-spring-26--main/CA-labs-mm09736-spring-26--main/vivavo files/project_1.runs/synth_1/TopLevelProcessor.dcp' has been generated.
INFO: [runtcl-4] Executing : report_utilization -file TopLevelProcessor_utilization_synth.rpt -pb TopLevelProcessor_utilization_synth.pb
INFO: [Common 17-206] Exiting Vivado at Tue Apr 14 14:43:00 2026...
