#-----------------------------------------------------------
# Vivado v2020.1 (64-bit)
# SW Build 2902540 on Wed May 27 19:54:49 MDT 2020
# IP Build 2902112 on Wed May 27 22:43:36 MDT 2020
# Start of session at: Mon Feb 16 10:32:09 2026
# Process ID: 11408
# Current directory: C:/Users/Muhammad Murtaza/Desktop/unis shit/sem 4/CA/CA lab/lab 5
# Command line: vivado.exe -gui_launcher_event rodinguilauncherevent13228 C:\Users\Muhammad Murtaza\Desktop\unis shit\sem 4\CA\CA lab\lab 5\project_1.xpr
# Log file: C:/Users/Muhammad Murtaza/Desktop/unis shit/sem 4/CA/CA lab/lab 5/vivado.log
# Journal file: C:/Users/Muhammad Murtaza/Desktop/unis shit/sem 4/CA/CA lab/lab 5\vivado.jou
#-----------------------------------------------------------
start_gui
open_project {C:/Users/Muhammad Murtaza/Desktop/unis shit/sem 4/CA/CA lab/lab 5/project_1.xpr}
INFO: [Project 1-313] Project file moved from 'C:/Users/Muhammad Murtaza/Desktop/unis shit/SEM 4/CA/CA lab/project_1' since last save.
Scanning sources...
Finished scanning sources
INFO: [IP_Flow 19-234] Refreshing IP repositories
INFO: [IP_Flow 19-1704] No user IP repositories specified
INFO: [IP_Flow 19-2313] Loaded Vivado IP repository 'C:/Xilinx/Vivado/2020.1/data/ip'.
open_project: Time (s): cpu = 00:00:35 ; elapsed = 00:00:33 . Memory (MB): peak = 1015.527 ; gain = 0.000
update_compile_order -fileset sources_1
reset_run synth_1
update_compile_order -fileset sources_1
launch_runs impl_1 -to_step write_bitstream -jobs 4
[Mon Feb 16 16:58:52 2026] Launched synth_1...
Run output will be captured here: C:/Users/Muhammad Murtaza/Desktop/unis shit/sem 4/CA/CA lab/lab 5/project_1.runs/synth_1/runme.log
[Mon Feb 16 16:58:52 2026] Launched impl_1...
Run output will be captured here: C:/Users/Muhammad Murtaza/Desktop/unis shit/sem 4/CA/CA lab/lab 5/project_1.runs/impl_1/runme.log
update_compile_order -fileset sources_1
reset_run synth_1
WARNING: [Vivado 12-1017] Problems encountered:
1. Failed to delete one or more files in run directory C:/Users/Muhammad Murtaza/Desktop/unis shit/sem 4/CA/CA lab/lab 5/project_1.runs/synth_1

update_compile_order -fileset sources_1
launch_runs impl_1 -to_step write_bitstream -jobs 4
[Mon Feb 16 16:59:26 2026] Launched synth_1...
Run output will be captured here: C:/Users/Muhammad Murtaza/Desktop/unis shit/sem 4/CA/CA lab/lab 5/project_1.runs/synth_1/runme.log
[Mon Feb 16 16:59:26 2026] Launched impl_1...
Run output will be captured here: C:/Users/Muhammad Murtaza/Desktop/unis shit/sem 4/CA/CA lab/lab 5/project_1.runs/impl_1/runme.log
reset_run synth_1
WARNING: [Vivado 12-1017] Problems encountered:
1. Failed to delete one or more files in run directory C:/Users/Muhammad Murtaza/Desktop/unis shit/sem 4/CA/CA lab/lab 5/project_1.runs/synth_1

launch_runs synth_1 -jobs 4
[Mon Feb 16 17:00:34 2026] Launched synth_1...
Run output will be captured here: C:/Users/Muhammad Murtaza/Desktop/unis shit/sem 4/CA/CA lab/lab 5/project_1.runs/synth_1/runme.log
reset_run synth_1
WARNING: [Vivado 12-1017] Problems encountered:
1. Failed to delete one or more files in run directory C:/Users/Muhammad Murtaza/Desktop/unis shit/sem 4/CA/CA lab/lab 5/project_1.runs/synth_1

launch_runs synth_1 -jobs 4
[Mon Feb 16 17:01:05 2026] Launched synth_1...
Run output will be captured here: C:/Users/Muhammad Murtaza/Desktop/unis shit/sem 4/CA/CA lab/lab 5/project_1.runs/synth_1/runme.log
WARNING: [Common 17-9] Error reading message records.
WARNING: [Common 17-9] Error reading message records.
reset_run synth_1
WARNING: [Vivado 12-1017] Problems encountered:
1. Failed to delete one or more files in run directory C:/Users/Muhammad Murtaza/Desktop/unis shit/sem 4/CA/CA lab/lab 5/project_1.runs/synth_1

launch_runs synth_1 -jobs 4
[Mon Feb 16 17:02:06 2026] Launched synth_1...
Run output will be captured here: C:/Users/Muhammad Murtaza/Desktop/unis shit/sem 4/CA/CA lab/lab 5/project_1.runs/synth_1/runme.log
WARNING: [Common 17-9] Error reading message records.
reset_run synth_1
launch_runs synth_1 -jobs 4
[Mon Feb 16 17:22:37 2026] Launched synth_1...
Run output will be captured here: C:/Users/Muhammad Murtaza/Desktop/unis shit/sem 4/CA/CA lab/lab 5/project_1.runs/synth_1/runme.log
launch_runs impl_1 -jobs 4
[Mon Feb 16 17:23:59 2026] Launched impl_1...
Run output will be captured here: C:/Users/Muhammad Murtaza/Desktop/unis shit/sem 4/CA/CA lab/lab 5/project_1.runs/impl_1/runme.log
reset_run synth_1
launch_runs synth_1 -jobs 4
[Tue Feb 17 10:07:19 2026] Launched synth_1...
Run output will be captured here: C:/Users/Muhammad Murtaza/Desktop/unis shit/sem 4/CA/CA lab/lab 5/project_1.runs/synth_1/runme.log
launch_runs impl_1 -jobs 4
[Tue Feb 17 10:08:59 2026] Launched impl_1...
Run output will be captured here: C:/Users/Muhammad Murtaza/Desktop/unis shit/sem 4/CA/CA lab/lab 5/project_1.runs/impl_1/runme.log
open_run impl_1
INFO: [Device 21-403] Loading part xc7a35tcpg236-1
Netlist sorting complete. Time (s): cpu = 00:00:00 ; elapsed = 00:00:00.009 . Memory (MB): peak = 1092.312 ; gain = 0.000
INFO: [Netlist 29-17] Analyzing 48 Unisim elements for replacement
INFO: [Netlist 29-28] Unisim Transformation completed in 0 CPU seconds
INFO: [Project 1-479] Netlist was created with Vivado 2020.1
INFO: [Project 1-570] Preparing netlist for logic optimization
INFO: [Timing 38-478] Restoring timing data from binary archive.
INFO: [Timing 38-479] Binary timing data restore complete.
INFO: [Project 1-856] Restoring constraints from binary archive.
INFO: [Project 1-853] Binary constraint restore complete.
Reading XDEF placement.
Reading placer database...
Reading XDEF routing.
Read XDEF File: Time (s): cpu = 00:00:00 ; elapsed = 00:00:00.244 . Memory (MB): peak = 1755.027 ; gain = 0.000
Restored from archive | CPU: 1.000000 secs | Memory: 0.000000 MB |
Finished XDEF File Restore: Time (s): cpu = 00:00:00 ; elapsed = 00:00:00.246 . Memory (MB): peak = 1755.027 ; gain = 0.000
Netlist sorting complete. Time (s): cpu = 00:00:00 ; elapsed = 00:00:00 . Memory (MB): peak = 1755.027 ; gain = 0.000
INFO: [Project 1-111] Unisim Transformation Summary:
No Unisim elements were transformed.

open_run: Time (s): cpu = 00:01:00 ; elapsed = 00:00:52 . Memory (MB): peak = 1858.590 ; gain = 843.062
WARNING: [Timing 38-313] There are no user specified timing constraints. Timing constraints are needed for proper timing analysis.
close_design
file mkdir C:/Users/Muhammad Murtaza/Desktop/unis shit/sem 4/CA/CA lab/lab 5/project_1.srcs/sim_1/new
can't create directory "C:/Users/Muhammad": permission denied
file mkdir C:/Users/Muhammad Murtaza/Desktop/unis shit/sem 4/CA/CA lab/lab 5/project_1.srcs/sim_1/new
can't create directory "C:/Users/Muhammad": permission denied
file mkdir C:/Users/Muhammad Murtaza/Desktop/unis shit/sem 4/CA/CA lab/lab 5/project_1.srcs/sim_1/new
can't create directory "C:/Users/Muhammad": permission denied
file mkdir C:/Users/Muhammad Murtaza/Desktop/unis shit/sem 4/CA/CA lab/lab 5/project_1.srcs/sim_1/new
can't create directory "C:/Users/Muhammad": permission denied
file mkdir C:/Users/Muhammad Murtaza/Desktop/unis shit/sem 4/CA/CA lab/lab 5/project_1.srcs/sim_1/new
can't create directory "C:/Users/Muhammad": permission denied
set_property SOURCE_SET sources_1 [get_filesets sim_1]
file mkdir C:/Users/Muhammad Murtaza/Desktop/unis shit/sem 4/CA/CA lab/lab 5/project_1.srcs/sim_1/new
can't create directory "C:/Users/Muhammad": permission denied
file mkdir {C:/Users/Muhammad Murtaza/Desktop/unis shit/sem 4/CA/CA lab/lab 5/project_1.srcs/sim_1/new}
close [ open {C:/Users/Muhammad Murtaza/Desktop/unis shit/sem 4/CA/CA lab/lab 5/project_1.srcs/sim_1/new/tb_fsm_counter.v} w ]
add_files -fileset sim_1 {{C:/Users/Muhammad Murtaza/Desktop/unis shit/sem 4/CA/CA lab/lab 5/project_1.srcs/sim_1/new/tb_fsm_counter.v}}
update_compile_order -fileset sim_1
set_property top tb_fsm_counter [get_filesets sim_1]
set_property top_lib xil_defaultlib [get_filesets sim_1]
update_compile_order -fileset sim_1
launch_simulation
Command: launch_simulation 
INFO: [Vivado 12-5682] Launching behavioral simulation in 'C:/Users/Muhammad Murtaza/Desktop/unis shit/sem 4/CA/CA lab/lab 5/project_1.sim/sim_1/behav/xsim'
INFO: [SIM-utils-51] Simulation object is 'sim_1'
INFO: [SIM-utils-54] Inspecting design source files for 'tb_fsm_counter' in fileset 'sim_1'...
INFO: [USF-XSim-97] Finding global include files...
INFO: [USF-XSim-98] Fetching design files from 'sim_1'...
INFO: [USF-XSim-2] XSim::Compile design
INFO: [USF-XSim-61] Executing 'COMPILE and ANALYZE' step in 'C:/Users/Muhammad Murtaza/Desktop/unis shit/sem 4/CA/CA lab/lab 5/project_1.sim/sim_1/behav/xsim'
"xvlog --incr --relax -prj tb_fsm_counter_vlog.prj"
INFO: [VRFC 10-2263] Analyzing Verilog file "C:/Users/Muhammad Murtaza/Desktop/unis shit/sem 4/CA/CA lab/lab 5/project_1.srcs/sources_1/new/FSM+COUNTER.v" into library xil_defaultlib
INFO: [VRFC 10-311] analyzing module fsm_counter
INFO: [VRFC 10-2263] Analyzing Verilog file "C:/Users/Muhammad Murtaza/Desktop/unis shit/sem 4/CA/CA lab/lab 5/project_1.srcs/sim_1/new/tb_fsm_counter.v" into library xil_defaultlib
INFO: [VRFC 10-311] analyzing module tb_fsm_counter
INFO: [VRFC 10-2263] Analyzing Verilog file "C:/Users/Muhammad Murtaza/Desktop/unis shit/sem 4/CA/CA lab/lab 5/project_1.sim/sim_1/behav/xsim/glbl.v" into library xil_defaultlib
INFO: [VRFC 10-311] analyzing module glbl
run_program: Time (s): cpu = 00:00:01 ; elapsed = 00:00:05 . Memory (MB): peak = 2023.590 ; gain = 0.000
INFO: [USF-XSim-69] 'compile' step finished in '5' seconds
INFO: [USF-XSim-3] XSim::Elaborate design
INFO: [USF-XSim-61] Executing 'ELABORATE' step in 'C:/Users/Muhammad Murtaza/Desktop/unis shit/sem 4/CA/CA lab/lab 5/project_1.sim/sim_1/behav/xsim'
"xelab -wto 136214d76bf54cc4b2f9150d81700ac5 --incr --debug typical --relax --mt 2 -L xil_defaultlib -L unisims_ver -L unimacro_ver -L secureip --snapshot tb_fsm_counter_behav xil_defaultlib.tb_fsm_counter xil_defaultlib.glbl -log elaborate.log"
Vivado Simulator 2020.1
Copyright 1986-1999, 2001-2020 Xilinx, Inc. All Rights Reserved.
Running: C:/Xilinx/Vivado/2020.1/bin/unwrapped/win64.o/xelab.exe -wto 136214d76bf54cc4b2f9150d81700ac5 --incr --debug typical --relax --mt 2 -L xil_defaultlib -L unisims_ver -L unimacro_ver -L secureip --snapshot tb_fsm_counter_behav xil_defaultlib.tb_fsm_counter xil_defaultlib.glbl -log elaborate.log 
Using 2 slave threads.
Starting static elaboration
Pass Through NonSizing Optimizer
Completed static elaboration
Starting simulation data flow analysis
Completed simulation data flow analysis
Time Resolution for simulation is 1ps
Compiling module xil_defaultlib.fsm_counter
Compiling module xil_defaultlib.tb_fsm_counter
Compiling module xil_defaultlib.glbl
Built simulation snapshot tb_fsm_counter_behav

****** Webtalk v2020.1 (64-bit)
  **** SW Build 2902540 on Wed May 27 19:54:49 MDT 2020
  **** IP Build 2902112 on Wed May 27 22:43:36 MDT 2020
    ** Copyright 1986-2020 Xilinx, Inc. All Rights Reserved.

source C:/Users/Muhammad -notrace
couldn't read file "C:/Users/Muhammad": no such file or directory
INFO: [Common 17-206] Exiting Webtalk at Tue Feb 17 10:30:59 2026...
run_program: Time (s): cpu = 00:00:01 ; elapsed = 00:00:12 . Memory (MB): peak = 2023.590 ; gain = 0.000
INFO: [USF-XSim-69] 'elaborate' step finished in '12' seconds
INFO: [USF-XSim-4] XSim::Simulate design
INFO: [USF-XSim-61] Executing 'SIMULATE' step in 'C:/Users/Muhammad Murtaza/Desktop/unis shit/sem 4/CA/CA lab/lab 5/project_1.sim/sim_1/behav/xsim'
INFO: [USF-XSim-98] *** Running xsim
   with args "tb_fsm_counter_behav -key {Behavioral:sim_1:Functional:tb_fsm_counter} -tclbatch {tb_fsm_counter.tcl} -log {simulate.log}"
INFO: [USF-XSim-8] Loading simulator feature
Vivado Simulator 2020.1
Time resolution is 1 ps
source tb_fsm_counter.tcl
# set curr_wave [current_wave_config]
# if { [string length $curr_wave] == 0 } {
#   if { [llength [get_objects]] > 0} {
#     add_wave /
#     set_property needs_save false [current_wave_config]
#   } else {
#      send_msg_id Add_Wave-1 WARNING "No top level signals found. Simulator will start without a wave window. If you want to open a wave window go to 'File->New Waveform Configuration' or type 'create_wave_config' in the TCL console."
#   }
# }
# run 1000ns
Time=0 | reset=1 | state=xx | counter=    x | switch_val=    0 | led_writeData=         x | counting=x
Time=5000 | reset=1 | state=00 | counter=    0 | switch_val=    0 | led_writeData=         0 | counting=0
Time=20000 | reset=0 | state=00 | counter=    0 | switch_val=    0 | led_writeData=         0 | counting=0
Time=30000 | reset=0 | state=00 | counter=    0 | switch_val=    6 | led_writeData=         0 | counting=0
Time=35000 | reset=0 | state=01 | counter=    6 | switch_val=    6 | led_writeData=         0 | counting=0
Time=45000 | reset=0 | state=01 | counter=    5 | switch_val=    6 | led_writeData=         6 | counting=1
Time=55000 | reset=0 | state=01 | counter=    4 | switch_val=    6 | led_writeData=         5 | counting=1
Time=65000 | reset=0 | state=01 | counter=    3 | switch_val=    6 | led_writeData=         4 | counting=1
Time=75000 | reset=0 | state=01 | counter=    2 | switch_val=    6 | led_writeData=         3 | counting=1
Time=85000 | reset=0 | state=01 | counter=    1 | switch_val=    6 | led_writeData=         2 | counting=1
Time=95000 | reset=0 | state=01 | counter=    0 | switch_val=    6 | led_writeData=         1 | counting=1
Time=105000 | reset=0 | state=00 | counter=    0 | switch_val=    6 | led_writeData=         0 | counting=0
Time=115000 | reset=0 | state=01 | counter=    6 | switch_val=    6 | led_writeData=         0 | counting=0
Time=125000 | reset=0 | state=01 | counter=    5 | switch_val=    6 | led_writeData=         6 | counting=1
Time=130000 | reset=0 | state=01 | counter=    5 | switch_val=    0 | led_writeData=         6 | counting=1
Time=135000 | reset=0 | state=01 | counter=    4 | switch_val=    0 | led_writeData=         5 | counting=1
Time=145000 | reset=0 | state=01 | counter=    3 | switch_val=    0 | led_writeData=         4 | counting=1
Time=155000 | reset=0 | state=01 | counter=    2 | switch_val=    0 | led_writeData=         3 | counting=1
Time=165000 | reset=0 | state=01 | counter=    1 | switch_val=    0 | led_writeData=         2 | counting=1
Time=175000 | reset=0 | state=01 | counter=    0 | switch_val=    0 | led_writeData=         1 | counting=1
Time=185000 | reset=0 | state=00 | counter=    0 | switch_val=    0 | led_writeData=         0 | counting=0
$finish called at time : 330 ns : File "C:/Users/Muhammad Murtaza/Desktop/unis shit/sem 4/CA/CA lab/lab 5/project_1.srcs/sim_1/new/tb_fsm_counter.v" Line 48
xsim: Time (s): cpu = 00:00:08 ; elapsed = 00:00:05 . Memory (MB): peak = 2023.590 ; gain = 0.000
INFO: [USF-XSim-96] XSim completed. Design snapshot 'tb_fsm_counter_behav' loaded.
INFO: [USF-XSim-97] XSim simulation ran for 1000ns
launch_simulation: Time (s): cpu = 00:00:10 ; elapsed = 00:00:25 . Memory (MB): peak = 2023.590 ; gain = 0.000
close_sim
INFO: [Simtcl 6-16] Simulation closed
close_sim: Time (s): cpu = 00:00:04 ; elapsed = 00:00:07 . Memory (MB): peak = 2023.590 ; gain = 0.000
launch_simulation
Command: launch_simulation 
INFO: [Vivado 12-5682] Launching behavioral simulation in 'C:/Users/Muhammad Murtaza/Desktop/unis shit/sem 4/CA/CA lab/lab 5/project_1.sim/sim_1/behav/xsim'
INFO: [SIM-utils-51] Simulation object is 'sim_1'
INFO: [SIM-utils-54] Inspecting design source files for 'tb_fsm_counter' in fileset 'sim_1'...
INFO: [USF-XSim-97] Finding global include files...
INFO: [USF-XSim-98] Fetching design files from 'sim_1'...
INFO: [USF-XSim-2] XSim::Compile design
INFO: [USF-XSim-61] Executing 'COMPILE and ANALYZE' step in 'C:/Users/Muhammad Murtaza/Desktop/unis shit/sem 4/CA/CA lab/lab 5/project_1.sim/sim_1/behav/xsim'
"xvlog --incr --relax -prj tb_fsm_counter_vlog.prj"
INFO: [VRFC 10-2263] Analyzing Verilog file "C:/Users/Muhammad Murtaza/Desktop/unis shit/sem 4/CA/CA lab/lab 5/project_1.srcs/sources_1/new/FSM+COUNTER.v" into library xil_defaultlib
INFO: [VRFC 10-311] analyzing module fsm_counter
INFO: [VRFC 10-2263] Analyzing Verilog file "C:/Users/Muhammad Murtaza/Desktop/unis shit/sem 4/CA/CA lab/lab 5/project_1.srcs/sim_1/new/tb_fsm_counter.v" into library xil_defaultlib
INFO: [VRFC 10-311] analyzing module tb_fsm_counter
INFO: [USF-XSim-69] 'compile' step finished in '2' seconds
INFO: [USF-XSim-3] XSim::Elaborate design
INFO: [USF-XSim-61] Executing 'ELABORATE' step in 'C:/Users/Muhammad Murtaza/Desktop/unis shit/sem 4/CA/CA lab/lab 5/project_1.sim/sim_1/behav/xsim'
"xelab -wto 136214d76bf54cc4b2f9150d81700ac5 --incr --debug typical --relax --mt 2 -L xil_defaultlib -L unisims_ver -L unimacro_ver -L secureip --snapshot tb_fsm_counter_behav xil_defaultlib.tb_fsm_counter xil_defaultlib.glbl -log elaborate.log"
Vivado Simulator 2020.1
Copyright 1986-1999, 2001-2020 Xilinx, Inc. All Rights Reserved.
Running: C:/Xilinx/Vivado/2020.1/bin/unwrapped/win64.o/xelab.exe -wto 136214d76bf54cc4b2f9150d81700ac5 --incr --debug typical --relax --mt 2 -L xil_defaultlib -L unisims_ver -L unimacro_ver -L secureip --snapshot tb_fsm_counter_behav xil_defaultlib.tb_fsm_counter xil_defaultlib.glbl -log elaborate.log 
Using 2 slave threads.
Starting static elaboration
Pass Through NonSizing Optimizer
Completed static elaboration
Starting simulation data flow analysis
Completed simulation data flow analysis
Time Resolution for simulation is 1ps
Compiling module xil_defaultlib.fsm_counter
Compiling module xil_defaultlib.tb_fsm_counter
Compiling module xil_defaultlib.glbl
Built simulation snapshot tb_fsm_counter_behav
INFO: [USF-XSim-69] 'elaborate' step finished in '2' seconds
INFO: [USF-XSim-4] XSim::Simulate design
INFO: [USF-XSim-61] Executing 'SIMULATE' step in 'C:/Users/Muhammad Murtaza/Desktop/unis shit/sem 4/CA/CA lab/lab 5/project_1.sim/sim_1/behav/xsim'
INFO: [USF-XSim-98] *** Running xsim
   with args "tb_fsm_counter_behav -key {Behavioral:sim_1:Functional:tb_fsm_counter} -tclbatch {tb_fsm_counter.tcl} -log {simulate.log}"
INFO: [USF-XSim-8] Loading simulator feature
Vivado Simulator 2020.1
Time resolution is 1 ps
source tb_fsm_counter.tcl
# set curr_wave [current_wave_config]
# if { [string length $curr_wave] == 0 } {
#   if { [llength [get_objects]] > 0} {
#     add_wave /
#     set_property needs_save false [current_wave_config]
#   } else {
#      send_msg_id Add_Wave-1 WARNING "No top level signals found. Simulator will start without a wave window. If you want to open a wave window go to 'File->New Waveform Configuration' or type 'create_wave_config' in the TCL console."
#   }
# }
# run 1000ns
Time=0 | reset=1 | state=x | counter=    x | switch_val=    0 | led_writeData=         x | counting=x
Time=5000 | reset=1 | state=x | counter=    0 | switch_val=    0 | led_writeData=         0 | counting=0
Time=15000 | reset=1 | state=0 | counter=    0 | switch_val=    0 | led_writeData=         0 | counting=0
Time=20000 | reset=0 | state=0 | counter=    0 | switch_val=    0 | led_writeData=         0 | counting=0
Time=30000 | reset=0 | state=0 | counter=    0 | switch_val=    6 | led_writeData=         0 | counting=0
Time=35000 | reset=0 | state=0 | counter=    6 | switch_val=    6 | led_writeData=         0 | counting=0
Time=45000 | reset=0 | state=0 | counter=    5 | switch_val=    6 | led_writeData=         6 | counting=1
Time=55000 | reset=0 | state=0 | counter=    4 | switch_val=    6 | led_writeData=         5 | counting=1
Time=65000 | reset=0 | state=0 | counter=    3 | switch_val=    6 | led_writeData=         4 | counting=1
Time=75000 | reset=0 | state=0 | counter=    2 | switch_val=    6 | led_writeData=         3 | counting=1
Time=85000 | reset=0 | state=0 | counter=    1 | switch_val=    6 | led_writeData=         2 | counting=1
Time=95000 | reset=0 | state=0 | counter=    0 | switch_val=    6 | led_writeData=         1 | counting=1
Time=105000 | reset=0 | state=0 | counter=    0 | switch_val=    6 | led_writeData=         0 | counting=0
Time=115000 | reset=0 | state=0 | counter=    6 | switch_val=    6 | led_writeData=         0 | counting=0
Time=125000 | reset=0 | state=0 | counter=    5 | switch_val=    6 | led_writeData=         6 | counting=1
Time=130000 | reset=0 | state=0 | counter=    5 | switch_val=    0 | led_writeData=         6 | counting=1
Time=135000 | reset=0 | state=0 | counter=    4 | switch_val=    0 | led_writeData=         5 | counting=1
Time=145000 | reset=0 | state=0 | counter=    3 | switch_val=    0 | led_writeData=         4 | counting=1
Time=155000 | reset=0 | state=0 | counter=    2 | switch_val=    0 | led_writeData=         3 | counting=1
Time=165000 | reset=0 | state=0 | counter=    1 | switch_val=    0 | led_writeData=         2 | counting=1
Time=175000 | reset=0 | state=0 | counter=    0 | switch_val=    0 | led_writeData=         1 | counting=1
Time=185000 | reset=0 | state=0 | counter=    0 | switch_val=    0 | led_writeData=         0 | counting=0
$finish called at time : 330 ns : File "C:/Users/Muhammad Murtaza/Desktop/unis shit/sem 4/CA/CA lab/lab 5/project_1.srcs/sim_1/new/tb_fsm_counter.v" Line 50
INFO: [USF-XSim-96] XSim completed. Design snapshot 'tb_fsm_counter_behav' loaded.
INFO: [USF-XSim-97] XSim simulation ran for 1000ns
launch_simulation: Time (s): cpu = 00:00:06 ; elapsed = 00:00:09 . Memory (MB): peak = 2023.590 ; gain = 0.000
close_sim
INFO: [Simtcl 6-16] Simulation closed
close_sim: Time (s): cpu = 00:00:04 ; elapsed = 00:00:05 . Memory (MB): peak = 2023.590 ; gain = 0.000
launch_simulation
Command: launch_simulation 
INFO: [Vivado 12-5682] Launching behavioral simulation in 'C:/Users/Muhammad Murtaza/Desktop/unis shit/sem 4/CA/CA lab/lab 5/project_1.sim/sim_1/behav/xsim'
INFO: [SIM-utils-51] Simulation object is 'sim_1'
INFO: [SIM-utils-54] Inspecting design source files for 'tb_fsm_counter' in fileset 'sim_1'...
INFO: [USF-XSim-97] Finding global include files...
INFO: [USF-XSim-98] Fetching design files from 'sim_1'...
INFO: [USF-XSim-2] XSim::Compile design
INFO: [USF-XSim-61] Executing 'COMPILE and ANALYZE' step in 'C:/Users/Muhammad Murtaza/Desktop/unis shit/sem 4/CA/CA lab/lab 5/project_1.sim/sim_1/behav/xsim'
"xvlog --incr --relax -prj tb_fsm_counter_vlog.prj"
INFO: [VRFC 10-2263] Analyzing Verilog file "C:/Users/Muhammad Murtaza/Desktop/unis shit/sem 4/CA/CA lab/lab 5/project_1.srcs/sources_1/new/FSM+COUNTER.v" into library xil_defaultlib
INFO: [VRFC 10-311] analyzing module fsm_counter
INFO: [VRFC 10-2263] Analyzing Verilog file "C:/Users/Muhammad Murtaza/Desktop/unis shit/sem 4/CA/CA lab/lab 5/project_1.srcs/sim_1/new/tb_fsm_counter.v" into library xil_defaultlib
INFO: [VRFC 10-311] analyzing module tb_fsm_counter
INFO: [USF-XSim-69] 'compile' step finished in '2' seconds
INFO: [USF-XSim-3] XSim::Elaborate design
INFO: [USF-XSim-61] Executing 'ELABORATE' step in 'C:/Users/Muhammad Murtaza/Desktop/unis shit/sem 4/CA/CA lab/lab 5/project_1.sim/sim_1/behav/xsim'
"xelab -wto 136214d76bf54cc4b2f9150d81700ac5 --incr --debug typical --relax --mt 2 -L xil_defaultlib -L unisims_ver -L unimacro_ver -L secureip --snapshot tb_fsm_counter_behav xil_defaultlib.tb_fsm_counter xil_defaultlib.glbl -log elaborate.log"
Vivado Simulator 2020.1
Copyright 1986-1999, 2001-2020 Xilinx, Inc. All Rights Reserved.
Running: C:/Xilinx/Vivado/2020.1/bin/unwrapped/win64.o/xelab.exe -wto 136214d76bf54cc4b2f9150d81700ac5 --incr --debug typical --relax --mt 2 -L xil_defaultlib -L unisims_ver -L unimacro_ver -L secureip --snapshot tb_fsm_counter_behav xil_defaultlib.tb_fsm_counter xil_defaultlib.glbl -log elaborate.log 
Using 2 slave threads.
Starting static elaboration
Pass Through NonSizing Optimizer
Completed static elaboration
Starting simulation data flow analysis
Completed simulation data flow analysis
Time Resolution for simulation is 1ps
Compiling module xil_defaultlib.fsm_counter
Compiling module xil_defaultlib.tb_fsm_counter
Compiling module xil_defaultlib.glbl
Built simulation snapshot tb_fsm_counter_behav
INFO: [USF-XSim-69] 'elaborate' step finished in '3' seconds
INFO: [USF-XSim-4] XSim::Simulate design
INFO: [USF-XSim-61] Executing 'SIMULATE' step in 'C:/Users/Muhammad Murtaza/Desktop/unis shit/sem 4/CA/CA lab/lab 5/project_1.sim/sim_1/behav/xsim'
INFO: [USF-XSim-98] *** Running xsim
   with args "tb_fsm_counter_behav -key {Behavioral:sim_1:Functional:tb_fsm_counter} -tclbatch {tb_fsm_counter.tcl} -log {simulate.log}"
INFO: [USF-XSim-8] Loading simulator feature
Vivado Simulator 2020.1
Time resolution is 1 ps
source tb_fsm_counter.tcl
# set curr_wave [current_wave_config]
# if { [string length $curr_wave] == 0 } {
#   if { [llength [get_objects]] > 0} {
#     add_wave /
#     set_property needs_save false [current_wave_config]
#   } else {
#      send_msg_id Add_Wave-1 WARNING "No top level signals found. Simulator will start without a wave window. If you want to open a wave window go to 'File->New Waveform Configuration' or type 'create_wave_config' in the TCL console."
#   }
# }
# run 1000ns
Time=0 | reset=1 | state=x | counter=    x | switch_val=    0 | led_writeData=         x | counting=x
Time=5000 | reset=1 | state=x | counter=    0 | switch_val=    0 | led_writeData=         0 | counting=0
Time=15000 | reset=1 | state=0 | counter=    0 | switch_val=    0 | led_writeData=         0 | counting=0
Time=20000 | reset=0 | state=0 | counter=    0 | switch_val=    0 | led_writeData=         0 | counting=0
Time=30000 | reset=0 | state=0 | counter=    0 | switch_val=    6 | led_writeData=         0 | counting=0
Time=35000 | reset=0 | state=0 | counter=    6 | switch_val=    6 | led_writeData=         0 | counting=0
Time=45000 | reset=0 | state=0 | counter=    5 | switch_val=    6 | led_writeData=         6 | counting=1
Time=55000 | reset=0 | state=0 | counter=    4 | switch_val=    6 | led_writeData=         5 | counting=1
Time=65000 | reset=0 | state=0 | counter=    3 | switch_val=    6 | led_writeData=         4 | counting=1
Time=75000 | reset=0 | state=0 | counter=    2 | switch_val=    6 | led_writeData=         3 | counting=1
Time=85000 | reset=0 | state=0 | counter=    1 | switch_val=    6 | led_writeData=         2 | counting=1
Time=95000 | reset=0 | state=0 | counter=    0 | switch_val=    6 | led_writeData=         1 | counting=1
Time=105000 | reset=0 | state=1 | counter=    0 | switch_val=    6 | led_writeData=         0 | counting=0
Time=115000 | reset=0 | state=0 | counter=    6 | switch_val=    6 | led_writeData=         0 | counting=0
Time=125000 | reset=0 | state=0 | counter=    5 | switch_val=    6 | led_writeData=         6 | counting=1
Time=130000 | reset=0 | state=0 | counter=    5 | switch_val=    0 | led_writeData=         6 | counting=1
Time=135000 | reset=0 | state=0 | counter=    4 | switch_val=    0 | led_writeData=         5 | counting=1
Time=145000 | reset=0 | state=0 | counter=    3 | switch_val=    0 | led_writeData=         4 | counting=1
Time=155000 | reset=0 | state=0 | counter=    2 | switch_val=    0 | led_writeData=         3 | counting=1
Time=165000 | reset=0 | state=0 | counter=    1 | switch_val=    0 | led_writeData=         2 | counting=1
Time=175000 | reset=0 | state=0 | counter=    0 | switch_val=    0 | led_writeData=         1 | counting=1
Time=185000 | reset=0 | state=1 | counter=    0 | switch_val=    0 | led_writeData=         0 | counting=0
$finish called at time : 330 ns : File "C:/Users/Muhammad Murtaza/Desktop/unis shit/sem 4/CA/CA lab/lab 5/project_1.srcs/sim_1/new/tb_fsm_counter.v" Line 50
xsim: Time (s): cpu = 00:00:07 ; elapsed = 00:00:06 . Memory (MB): peak = 2023.590 ; gain = 0.000
INFO: [USF-XSim-96] XSim completed. Design snapshot 'tb_fsm_counter_behav' loaded.
INFO: [USF-XSim-97] XSim simulation ran for 1000ns
launch_simulation: Time (s): cpu = 00:00:08 ; elapsed = 00:00:12 . Memory (MB): peak = 2023.590 ; gain = 0.000
close_sim
INFO: [Simtcl 6-16] Simulation closed
close_sim: Time (s): cpu = 00:00:05 ; elapsed = 00:00:07 . Memory (MB): peak = 2116.445 ; gain = 92.855
launch_simulation
Command: launch_simulation 
INFO: [Vivado 12-5682] Launching behavioral simulation in 'C:/Users/Muhammad Murtaza/Desktop/unis shit/sem 4/CA/CA lab/lab 5/project_1.sim/sim_1/behav/xsim'
INFO: [SIM-utils-51] Simulation object is 'sim_1'
INFO: [SIM-utils-54] Inspecting design source files for 'tb_fsm_counter' in fileset 'sim_1'...
INFO: [USF-XSim-97] Finding global include files...
INFO: [USF-XSim-98] Fetching design files from 'sim_1'...
INFO: [USF-XSim-2] XSim::Compile design
INFO: [USF-XSim-61] Executing 'COMPILE and ANALYZE' step in 'C:/Users/Muhammad Murtaza/Desktop/unis shit/sem 4/CA/CA lab/lab 5/project_1.sim/sim_1/behav/xsim'
"xvlog --incr --relax -prj tb_fsm_counter_vlog.prj"
INFO: [VRFC 10-2263] Analyzing Verilog file "C:/Users/Muhammad Murtaza/Desktop/unis shit/sem 4/CA/CA lab/lab 5/project_1.srcs/sources_1/new/FSM+COUNTER.v" into library xil_defaultlib
INFO: [VRFC 10-311] analyzing module fsm_counter
INFO: [VRFC 10-2263] Analyzing Verilog file "C:/Users/Muhammad Murtaza/Desktop/unis shit/sem 4/CA/CA lab/lab 5/project_1.srcs/sim_1/new/tb_fsm_counter.v" into library xil_defaultlib
INFO: [VRFC 10-311] analyzing module tb_fsm_counter
INFO: [USF-XSim-69] 'compile' step finished in '3' seconds
INFO: [USF-XSim-3] XSim::Elaborate design
INFO: [USF-XSim-61] Executing 'ELABORATE' step in 'C:/Users/Muhammad Murtaza/Desktop/unis shit/sem 4/CA/CA lab/lab 5/project_1.sim/sim_1/behav/xsim'
"xelab -wto 136214d76bf54cc4b2f9150d81700ac5 --incr --debug typical --relax --mt 2 -L xil_defaultlib -L unisims_ver -L unimacro_ver -L secureip --snapshot tb_fsm_counter_behav xil_defaultlib.tb_fsm_counter xil_defaultlib.glbl -log elaborate.log"
Vivado Simulator 2020.1
Copyright 1986-1999, 2001-2020 Xilinx, Inc. All Rights Reserved.
Running: C:/Xilinx/Vivado/2020.1/bin/unwrapped/win64.o/xelab.exe -wto 136214d76bf54cc4b2f9150d81700ac5 --incr --debug typical --relax --mt 2 -L xil_defaultlib -L unisims_ver -L unimacro_ver -L secureip --snapshot tb_fsm_counter_behav xil_defaultlib.tb_fsm_counter xil_defaultlib.glbl -log elaborate.log 
Using 2 slave threads.
Starting static elaboration
Pass Through NonSizing Optimizer
Completed static elaboration
Starting simulation data flow analysis
Completed simulation data flow analysis
Time Resolution for simulation is 1ps
Compiling module xil_defaultlib.fsm_counter
Compiling module xil_defaultlib.tb_fsm_counter
Compiling module xil_defaultlib.glbl
Built simulation snapshot tb_fsm_counter_behav
INFO: [USF-XSim-69] 'elaborate' step finished in '4' seconds
INFO: [USF-XSim-4] XSim::Simulate design
INFO: [USF-XSim-61] Executing 'SIMULATE' step in 'C:/Users/Muhammad Murtaza/Desktop/unis shit/sem 4/CA/CA lab/lab 5/project_1.sim/sim_1/behav/xsim'
INFO: [USF-XSim-98] *** Running xsim
   with args "tb_fsm_counter_behav -key {Behavioral:sim_1:Functional:tb_fsm_counter} -tclbatch {tb_fsm_counter.tcl} -log {simulate.log}"
INFO: [USF-XSim-8] Loading simulator feature
Vivado Simulator 2020.1
Time resolution is 1 ps
source tb_fsm_counter.tcl
# set curr_wave [current_wave_config]
# if { [string length $curr_wave] == 0 } {
#   if { [llength [get_objects]] > 0} {
#     add_wave /
#     set_property needs_save false [current_wave_config]
#   } else {
#      send_msg_id Add_Wave-1 WARNING "No top level signals found. Simulator will start without a wave window. If you want to open a wave window go to 'File->New Waveform Configuration' or type 'create_wave_config' in the TCL console."
#   }
# }
# run 1000ns
Time=0 | reset=1 | state=x | counter=    x | switch_val=    0 | led_writeData=         x | counting=x
Time=5000 | reset=1 | state=x | counter=    0 | switch_val=    0 | led_writeData=         0 | counting=0
Time=15000 | reset=1 | state=0 | counter=    0 | switch_val=    0 | led_writeData=         0 | counting=0
Time=20000 | reset=0 | state=0 | counter=    0 | switch_val=    0 | led_writeData=         0 | counting=0
Time=30000 | reset=0 | state=0 | counter=    0 | switch_val=    6 | led_writeData=         0 | counting=0
Time=35000 | reset=0 | state=1 | counter=    6 | switch_val=    6 | led_writeData=         0 | counting=0
Time=45000 | reset=0 | state=1 | counter=    5 | switch_val=    6 | led_writeData=         6 | counting=1
Time=55000 | reset=0 | state=1 | counter=    4 | switch_val=    6 | led_writeData=         5 | counting=1
Time=65000 | reset=0 | state=1 | counter=    3 | switch_val=    6 | led_writeData=         4 | counting=1
Time=75000 | reset=0 | state=1 | counter=    2 | switch_val=    6 | led_writeData=         3 | counting=1
Time=85000 | reset=0 | state=1 | counter=    1 | switch_val=    6 | led_writeData=         2 | counting=1
Time=95000 | reset=0 | state=1 | counter=    0 | switch_val=    6 | led_writeData=         1 | counting=1
Time=105000 | reset=0 | state=0 | counter=    0 | switch_val=    6 | led_writeData=         0 | counting=0
Time=115000 | reset=0 | state=1 | counter=    6 | switch_val=    6 | led_writeData=         0 | counting=0
Time=125000 | reset=0 | state=1 | counter=    5 | switch_val=    6 | led_writeData=         6 | counting=1
Time=130000 | reset=0 | state=1 | counter=    5 | switch_val=    0 | led_writeData=         6 | counting=1
Time=135000 | reset=0 | state=1 | counter=    4 | switch_val=    0 | led_writeData=         5 | counting=1
Time=145000 | reset=0 | state=1 | counter=    3 | switch_val=    0 | led_writeData=         4 | counting=1
Time=155000 | reset=0 | state=1 | counter=    2 | switch_val=    0 | led_writeData=         3 | counting=1
Time=165000 | reset=0 | state=1 | counter=    1 | switch_val=    0 | led_writeData=         2 | counting=1
Time=175000 | reset=0 | state=1 | counter=    0 | switch_val=    0 | led_writeData=         1 | counting=1
Time=185000 | reset=0 | state=0 | counter=    0 | switch_val=    0 | led_writeData=         0 | counting=0
$finish called at time : 330 ns : File "C:/Users/Muhammad Murtaza/Desktop/unis shit/sem 4/CA/CA lab/lab 5/project_1.srcs/sim_1/new/tb_fsm_counter.v" Line 50
xsim: Time (s): cpu = 00:00:05 ; elapsed = 00:00:05 . Memory (MB): peak = 2117.023 ; gain = 0.578
INFO: [USF-XSim-96] XSim completed. Design snapshot 'tb_fsm_counter_behav' loaded.
INFO: [USF-XSim-97] XSim simulation ran for 1000ns
launch_simulation: Time (s): cpu = 00:00:06 ; elapsed = 00:00:12 . Memory (MB): peak = 2117.023 ; gain = 0.578
close_sim
INFO: [Simtcl 6-16] Simulation closed
close_sim: Time (s): cpu = 00:00:04 ; elapsed = 00:00:07 . Memory (MB): peak = 2117.023 ; gain = 0.000
reset_run synth_1
launch_runs synth_1 -jobs 4
[Tue Feb 17 13:03:07 2026] Launched synth_1...
Run output will be captured here: C:/Users/Muhammad Murtaza/Desktop/unis shit/sem 4/CA/CA lab/lab 5/project_1.runs/synth_1/runme.log
launch_runs impl_1 -jobs 4
[Tue Feb 17 13:09:25 2026] Launched impl_1...
Run output will be captured here: C:/Users/Muhammad Murtaza/Desktop/unis shit/sem 4/CA/CA lab/lab 5/project_1.runs/impl_1/runme.log
open_run impl_1
Netlist sorting complete. Time (s): cpu = 00:00:00 ; elapsed = 00:00:00.016 . Memory (MB): peak = 2117.023 ; gain = 0.000
INFO: [Netlist 29-17] Analyzing 48 Unisim elements for replacement
INFO: [Netlist 29-28] Unisim Transformation completed in 0 CPU seconds
INFO: [Project 1-479] Netlist was created with Vivado 2020.1
INFO: [Project 1-570] Preparing netlist for logic optimization
INFO: [Timing 38-478] Restoring timing data from binary archive.
INFO: [Timing 38-479] Binary timing data restore complete.
INFO: [Project 1-856] Restoring constraints from binary archive.
INFO: [Project 1-853] Binary constraint restore complete.
Reading XDEF placement.
Reading placer database...
Reading XDEF routing.
Read XDEF File: Time (s): cpu = 00:00:00 ; elapsed = 00:00:00.247 . Memory (MB): peak = 2117.023 ; gain = 0.000
Restored from archive | CPU: 0.000000 secs | Memory: 0.000000 MB |
Finished XDEF File Restore: Time (s): cpu = 00:00:00 ; elapsed = 00:00:00.249 . Memory (MB): peak = 2117.023 ; gain = 0.000
Netlist sorting complete. Time (s): cpu = 00:00:00 ; elapsed = 00:00:00.001 . Memory (MB): peak = 2117.023 ; gain = 0.000
INFO: [Project 1-111] Unisim Transformation Summary:
No Unisim elements were transformed.

open_run: Time (s): cpu = 00:00:11 ; elapsed = 00:00:07 . Memory (MB): peak = 2118.613 ; gain = 1.590
WARNING: [Timing 38-313] There are no user specified timing constraints. Timing constraints are needed for proper timing analysis.
place_ports sw_readEn U17
set_property IOSTANDARD LVCMOS33 [get_ports [list sw_readEn]]
save_constraints -force
reset_run synth_1
close_design
launch_runs synth_1 -jobs 4
[Tue Feb 17 13:26:39 2026] Launched synth_1...
Run output will be captured here: C:/Users/Muhammad Murtaza/Desktop/unis shit/sem 4/CA/CA lab/lab 5/project_1.runs/synth_1/runme.log
launch_runs impl_1 -jobs 4
[Tue Feb 17 13:32:07 2026] Launched impl_1...
Run output will be captured here: C:/Users/Muhammad Murtaza/Desktop/unis shit/sem 4/CA/CA lab/lab 5/project_1.runs/impl_1/runme.log
