#-----------------------------------------------------------
# Vivado v2020.1 (64-bit)
# SW Build 2902540 on Wed May 27 19:54:49 MDT 2020
# IP Build 2902112 on Wed May 27 22:43:36 MDT 2020
# Start of session at: Tue Mar 24 15:10:28 2026
# Process ID: 10360
# Current directory: C:/Users/Muhammad Murtaza/Desktop/unis shit/sem 4/CA/CA-labs-mm09736-spring-26-/vivavo files
# Command line: vivado.exe -gui_launcher_event rodinguilauncherevent10164 C:\Users\Muhammad Murtaza\Desktop\unis shit\sem 4\CA\CA-labs-mm09736-spring-26-\vivavo files\project_1.xpr
# Log file: C:/Users/Muhammad Murtaza/Desktop/unis shit/sem 4/CA/CA-labs-mm09736-spring-26-/vivavo files/vivado.log
# Journal file: C:/Users/Muhammad Murtaza/Desktop/unis shit/sem 4/CA/CA-labs-mm09736-spring-26-/vivavo files\vivado.jou
#-----------------------------------------------------------
start_gui
open_project {C:/Users/Muhammad Murtaza/Desktop/unis shit/sem 4/CA/CA-labs-mm09736-spring-26-/vivavo files/project_1.xpr}
INFO: [ProjectBase 1-489] The host OS only allows 260 characters in a normal path. The project is stored in a path with more than 80 characters. If you experience issues with IP, Block Designs, or files not being found, please consider moving the project to a location with a shorter path. Alternately consider using the OS subst command to map part of the path to a drive letter.
Current project path is 'C:/Users/Muhammad Murtaza/Desktop/unis shit/sem 4/CA/CA-labs-mm09736-spring-26-/vivavo files'
INFO: [Project 1-313] Project file moved from 'C:/CA-labs-mm09736-spring-26-/vivavo files' since last save.
Scanning sources...
Finished scanning sources
INFO: [IP_Flow 19-234] Refreshing IP repositories
INFO: [IP_Flow 19-1704] No user IP repositories specified
INFO: [IP_Flow 19-2313] Loaded Vivado IP repository 'C:/Xilinx/Vivado/2020.1/data/ip'.
open_project: Time (s): cpu = 00:00:21 ; elapsed = 00:00:10 . Memory (MB): peak = 1025.453 ; gain = 0.000
update_compile_order -fileset sources_1
reset_run synth_1
launch_runs impl_1 -jobs 4
[Tue Mar 24 15:12:51 2026] Launched synth_1...
Run output will be captured here: C:/Users/Muhammad Murtaza/Desktop/unis shit/sem 4/CA/CA-labs-mm09736-spring-26-/vivavo files/project_1.runs/synth_1/runme.log
[Tue Mar 24 15:12:52 2026] Launched impl_1...
Run output will be captured here: C:/Users/Muhammad Murtaza/Desktop/unis shit/sem 4/CA/CA-labs-mm09736-spring-26-/vivavo files/project_1.runs/impl_1/runme.log
open_run impl_1
INFO: [Device 21-403] Loading part xc7a35tcpg236-1
Netlist sorting complete. Time (s): cpu = 00:00:00 ; elapsed = 00:00:00.012 . Memory (MB): peak = 1167.934 ; gain = 0.000
INFO: [Netlist 29-17] Analyzing 202 Unisim elements for replacement
INFO: [Netlist 29-28] Unisim Transformation completed in 0 CPU seconds
INFO: [Project 1-479] Netlist was created with Vivado 2020.1
INFO: [Project 1-570] Preparing netlist for logic optimization
INFO: [Timing 38-478] Restoring timing data from binary archive.
INFO: [Timing 38-479] Binary timing data restore complete.
INFO: [Project 1-856] Restoring constraints from binary archive.
INFO: [Project 1-853] Binary constraint restore complete.
Reading XDEF placement.
Reading placer database...
Reading XDEF routing.
Read XDEF File: Time (s): cpu = 00:00:00 ; elapsed = 00:00:00.250 . Memory (MB): peak = 1847.027 ; gain = 0.000
Restored from archive | CPU: 0.000000 secs | Memory: 0.000000 MB |
Finished XDEF File Restore: Time (s): cpu = 00:00:00 ; elapsed = 00:00:00.250 . Memory (MB): peak = 1847.027 ; gain = 0.000
Netlist sorting complete. Time (s): cpu = 00:00:00 ; elapsed = 00:00:00.001 . Memory (MB): peak = 1847.027 ; gain = 0.000
INFO: [Project 1-111] Unisim Transformation Summary:
  A total of 64 instances were transformed.
  RAM256X1S => RAM256X1S (MUXF7(x2), MUXF8, RAMS64E(x4)): 64 instances

open_run: Time (s): cpu = 00:00:34 ; elapsed = 00:00:28 . Memory (MB): peak = 1961.449 ; gain = 935.996
launch_runs impl_1 -to_step write_bitstream -jobs 4
[Tue Mar 24 15:28:42 2026] Launched impl_1...
Run output will be captured here: C:/Users/Muhammad Murtaza/Desktop/unis shit/sem 4/CA/CA-labs-mm09736-spring-26-/vivavo files/project_1.runs/impl_1/runme.log
open_hw_manager
connect_hw_server -allow_non_jtag
INFO: [Labtools 27-2285] Connecting to hw_server url TCP:localhost:3121
INFO: [Labtools 27-2222] Launching hw_server...
INFO: [Labtools 27-2221] Launch Output:

****** Xilinx hw_server v2020.1
  **** Build date : May 27 2020 at 20:24:38
    ** Copyright 1986-2020 Xilinx, Inc. All Rights Reserved.


INFO: [Labtools 27-3415] Connecting to cs_server url TCP:localhost:3042
INFO: [Labtools 27-3417] Launching cs_server...
INFO: [Labtools 27-2221] Launch Output:


****** Xilinx cs_server v2020.1.0
  **** Build date : May 14 2020-06:10:29
    ** Copyright 2017-2020 Xilinx, Inc. All Rights Reserved.



connect_hw_server: Time (s): cpu = 00:00:01 ; elapsed = 00:00:11 . Memory (MB): peak = 2122.492 ; gain = 14.266
open_hw_target
INFO: [Labtoolstcl 44-466] Opening hw_target localhost:3121/xilinx_tcf/Digilent/210183AF305BA
open_hw_target: Time (s): cpu = 00:00:05 ; elapsed = 00:00:05 . Memory (MB): peak = 3402.891 ; gain = 1280.398
set_property PROGRAM.FILE {C:/Users/Muhammad Murtaza/Desktop/unis shit/sem 4/CA/CA-labs-mm09736-spring-26-/vivavo files/project_1.runs/impl_1/top_lab10.bit} [get_hw_devices xc7a35t_0]
current_hw_device [get_hw_devices xc7a35t_0]
refresh_hw_device -update_hw_probes false [lindex [get_hw_devices xc7a35t_0] 0]
INFO: [Labtools 27-1434] Device xc7a35t (JTAG device index = 0) is programmed with a design that has no supported debug core(s) in it.
set_property PROBES.FILE {} [get_hw_devices xc7a35t_0]
set_property FULL_PROBES.FILE {} [get_hw_devices xc7a35t_0]
set_property PROGRAM.FILE {C:/Users/Muhammad Murtaza/Desktop/unis shit/sem 4/CA/CA-labs-mm09736-spring-26-/vivavo files/project_1.runs/impl_1/top_lab10.bit} [get_hw_devices xc7a35t_0]
program_hw_devices [get_hw_devices xc7a35t_0]
INFO: [Labtools 27-3164] End of startup status: HIGH
refresh_hw_device [lindex [get_hw_devices xc7a35t_0] 0]
INFO: [Labtools 27-1434] Device xc7a35t (JTAG device index = 0) is programmed with a design that has no supported debug core(s) in it.
close_hw_manager
reset_run synth_1
launch_runs impl_1 -to_step write_bitstream -jobs 4
[Tue Mar 24 15:43:05 2026] Launched synth_1...
Run output will be captured here: C:/Users/Muhammad Murtaza/Desktop/unis shit/sem 4/CA/CA-labs-mm09736-spring-26-/vivavo files/project_1.runs/synth_1/runme.log
[Tue Mar 24 15:43:05 2026] Launched impl_1...
Run output will be captured here: C:/Users/Muhammad Murtaza/Desktop/unis shit/sem 4/CA/CA-labs-mm09736-spring-26-/vivavo files/project_1.runs/impl_1/runme.log
open_hw_manager
connect_hw_server -allow_non_jtag
INFO: [Labtools 27-2285] Connecting to hw_server url TCP:localhost:3121
INFO: [Labtools 27-2222] Launching hw_server...
INFO: [Labtools 27-2221] Launch Output:

****** Xilinx hw_server v2020.1
  **** Build date : May 27 2020 at 20:24:38
    ** Copyright 1986-2020 Xilinx, Inc. All Rights Reserved.


INFO: [Labtools 27-3415] Connecting to cs_server url TCP:localhost:3042
INFO: [Labtools 27-3417] Launching cs_server...
INFO: [Labtools 27-2221] Launch Output:


****** Xilinx cs_server v2020.1.0
  **** Build date : May 14 2020-06:10:29
    ** Copyright 2017-2020 Xilinx, Inc. All Rights Reserved.



connect_hw_server: Time (s): cpu = 00:00:01 ; elapsed = 00:00:09 . Memory (MB): peak = 3467.609 ; gain = 0.000
disconnect_hw_server localhost:3121
connect_hw_server -allow_non_jtag
INFO: [Labtools 27-2285] Connecting to hw_server url TCP:localhost:3121
INFO: [Labtools 27-3415] Connecting to cs_server url TCP:localhost:3042
INFO: [Labtools 27-3414] Connected to existing cs_server.
disconnect_hw_server localhost:3121
connect_hw_server -allow_non_jtag
INFO: [Labtools 27-2285] Connecting to hw_server url TCP:localhost:3121
INFO: [Labtools 27-3415] Connecting to cs_server url TCP:localhost:3042
INFO: [Labtools 27-3414] Connected to existing cs_server.
open_hw_target
INFO: [Labtoolstcl 44-466] Opening hw_target localhost:3121/xilinx_tcf/Digilent/210183AF305BA
set_property PROGRAM.FILE {C:/Users/Muhammad Murtaza/Desktop/unis shit/sem 4/CA/CA-labs-mm09736-spring-26-/vivavo files/project_1.runs/impl_1/top_lab10.bit} [get_hw_devices xc7a35t_0]
current_hw_device [get_hw_devices xc7a35t_0]
refresh_hw_device -update_hw_probes false [lindex [get_hw_devices xc7a35t_0] 0]
INFO: [Labtools 27-1434] Device xc7a35t (JTAG device index = 0) is programmed with a design that has no supported debug core(s) in it.
set_property PROBES.FILE {} [get_hw_devices xc7a35t_0]
set_property FULL_PROBES.FILE {} [get_hw_devices xc7a35t_0]
set_property PROGRAM.FILE {C:/Users/Muhammad Murtaza/Desktop/unis shit/sem 4/CA/CA-labs-mm09736-spring-26-/vivavo files/project_1.runs/impl_1/top_lab10.bit} [get_hw_devices xc7a35t_0]
program_hw_devices [get_hw_devices xc7a35t_0]
INFO: [Labtools 27-3164] End of startup status: HIGH
refresh_hw_device [lindex [get_hw_devices xc7a35t_0] 0]
INFO: [Labtools 27-1434] Device xc7a35t (JTAG device index = 0) is programmed with a design that has no supported debug core(s) in it.
close_hw_manager
reset_run synth_1
launch_runs impl_1 -to_step write_bitstream -jobs 4
[Tue Mar 24 16:15:02 2026] Launched synth_1...
Run output will be captured here: C:/Users/Muhammad Murtaza/Desktop/unis shit/sem 4/CA/CA-labs-mm09736-spring-26-/vivavo files/project_1.runs/synth_1/runme.log
[Tue Mar 24 16:15:02 2026] Launched impl_1...
Run output will be captured here: C:/Users/Muhammad Murtaza/Desktop/unis shit/sem 4/CA/CA-labs-mm09736-spring-26-/vivavo files/project_1.runs/impl_1/runme.log
open_hw_manager
connect_hw_server -allow_non_jtag
INFO: [Labtools 27-2285] Connecting to hw_server url TCP:localhost:3121
INFO: [Labtools 27-2222] Launching hw_server...
INFO: [Labtools 27-2221] Launch Output:

****** Xilinx hw_server v2020.1
  **** Build date : May 27 2020 at 20:24:38
    ** Copyright 1986-2020 Xilinx, Inc. All Rights Reserved.


INFO: [Labtools 27-3415] Connecting to cs_server url TCP:localhost:3042
INFO: [Labtools 27-3417] Launching cs_server...
INFO: [Labtools 27-2221] Launch Output:


****** Xilinx cs_server v2020.1.0
  **** Build date : May 14 2020-06:10:29
    ** Copyright 2017-2020 Xilinx, Inc. All Rights Reserved.



connect_hw_server: Time (s): cpu = 00:00:01 ; elapsed = 00:00:10 . Memory (MB): peak = 3469.676 ; gain = 0.000
open_hw_target
INFO: [Labtoolstcl 44-466] Opening hw_target localhost:3121/xilinx_tcf/Digilent/210183AF305BA
set_property PROGRAM.FILE {C:/Users/Muhammad Murtaza/Desktop/unis shit/sem 4/CA/CA-labs-mm09736-spring-26-/vivavo files/project_1.runs/impl_1/top_lab10.bit} [get_hw_devices xc7a35t_0]
current_hw_device [get_hw_devices xc7a35t_0]
refresh_hw_device -update_hw_probes false [lindex [get_hw_devices xc7a35t_0] 0]
INFO: [Labtools 27-1434] Device xc7a35t (JTAG device index = 0) is programmed with a design that has no supported debug core(s) in it.
set_property PROBES.FILE {} [get_hw_devices xc7a35t_0]
set_property FULL_PROBES.FILE {} [get_hw_devices xc7a35t_0]
set_property PROGRAM.FILE {C:/Users/Muhammad Murtaza/Desktop/unis shit/sem 4/CA/CA-labs-mm09736-spring-26-/vivavo files/project_1.runs/impl_1/top_lab10.bit} [get_hw_devices xc7a35t_0]
program_hw_devices [get_hw_devices xc7a35t_0]
INFO: [Labtools 27-3164] End of startup status: HIGH
refresh_hw_device [lindex [get_hw_devices xc7a35t_0] 0]
INFO: [Labtools 27-1434] Device xc7a35t (JTAG device index = 0) is programmed with a design that has no supported debug core(s) in it.
ERROR: [Labtoolstcl 44-513] HW Target shutdown. Closing target: localhost:3121/xilinx_tcf/Digilent/210183AF305BA
reset_run synth_1
launch_runs impl_1 -to_step write_bitstream -jobs 4
[Tue Mar 24 16:25:12 2026] Launched synth_1...
Run output will be captured here: C:/Users/Muhammad Murtaza/Desktop/unis shit/sem 4/CA/CA-labs-mm09736-spring-26-/vivavo files/project_1.runs/synth_1/runme.log
[Tue Mar 24 16:25:12 2026] Launched impl_1...
Run output will be captured here: C:/Users/Muhammad Murtaza/Desktop/unis shit/sem 4/CA/CA-labs-mm09736-spring-26-/vivavo files/project_1.runs/impl_1/runme.log
close_hw_manager
open_hw_manager
connect_hw_server -allow_non_jtag
INFO: [Labtools 27-2285] Connecting to hw_server url TCP:localhost:3121
INFO: [Labtools 27-3415] Connecting to cs_server url TCP:localhost:3042
INFO: [Labtools 27-3414] Connected to existing cs_server.
disconnect_hw_server localhost:3121
connect_hw_server -allow_non_jtag
INFO: [Labtools 27-2285] Connecting to hw_server url TCP:localhost:3121
INFO: [Labtools 27-3415] Connecting to cs_server url TCP:localhost:3042
INFO: [Labtools 27-3414] Connected to existing cs_server.
open_hw_target
INFO: [Labtoolstcl 44-466] Opening hw_target localhost:3121/xilinx_tcf/Digilent/210183AF305BA
set_property PROGRAM.FILE {C:/Users/Muhammad Murtaza/Desktop/unis shit/sem 4/CA/CA-labs-mm09736-spring-26-/vivavo files/project_1.runs/impl_1/top_lab10.bit} [get_hw_devices xc7a35t_0]
current_hw_device [get_hw_devices xc7a35t_0]
refresh_hw_device -update_hw_probes false [lindex [get_hw_devices xc7a35t_0] 0]
INFO: [Labtools 27-1434] Device xc7a35t (JTAG device index = 0) is programmed with a design that has no supported debug core(s) in it.
set_property PROBES.FILE {} [get_hw_devices xc7a35t_0]
set_property FULL_PROBES.FILE {} [get_hw_devices xc7a35t_0]
set_property PROGRAM.FILE {C:/Users/Muhammad Murtaza/Desktop/unis shit/sem 4/CA/CA-labs-mm09736-spring-26-/vivavo files/project_1.runs/impl_1/top_lab10.bit} [get_hw_devices xc7a35t_0]
program_hw_devices [get_hw_devices xc7a35t_0]
INFO: [Labtools 27-3164] End of startup status: HIGH
refresh_hw_device [lindex [get_hw_devices xc7a35t_0] 0]
INFO: [Labtools 27-1434] Device xc7a35t (JTAG device index = 0) is programmed with a design that has no supported debug core(s) in it.
reset_run synth_1
launch_runs impl_1 -to_step write_bitstream -jobs 4
[Tue Mar 24 16:35:42 2026] Launched synth_1...
Run output will be captured here: C:/Users/Muhammad Murtaza/Desktop/unis shit/sem 4/CA/CA-labs-mm09736-spring-26-/vivavo files/project_1.runs/synth_1/runme.log
[Tue Mar 24 16:35:42 2026] Launched impl_1...
Run output will be captured here: C:/Users/Muhammad Murtaza/Desktop/unis shit/sem 4/CA/CA-labs-mm09736-spring-26-/vivavo files/project_1.runs/impl_1/runme.log
set_property PROBES.FILE {} [get_hw_devices xc7a35t_0]
set_property FULL_PROBES.FILE {} [get_hw_devices xc7a35t_0]
set_property PROGRAM.FILE {C:/Users/Muhammad Murtaza/Desktop/unis shit/sem 4/CA/CA-labs-mm09736-spring-26-/vivavo files/project_1.runs/impl_1/top_lab10.bit} [get_hw_devices xc7a35t_0]
program_hw_devices [get_hw_devices xc7a35t_0]
INFO: [Labtools 27-3164] End of startup status: HIGH
refresh_hw_device [lindex [get_hw_devices xc7a35t_0] 0]
INFO: [Labtools 27-1434] Device xc7a35t (JTAG device index = 0) is programmed with a design that has no supported debug core(s) in it.
ERROR: [Labtoolstcl 44-513] HW Target shutdown. Closing target: localhost:3121/xilinx_tcf/Digilent/210183AF305BA
exit
INFO: [Common 17-206] Exiting Vivado at Fri Mar 27 15:27:54 2026...
