#-----------------------------------------------------------
# Vivado v2020.1 (64-bit)
# SW Build 2902540 on Wed May 27 19:54:49 MDT 2020
# IP Build 2902112 on Wed May 27 22:43:36 MDT 2020
# Start of session at: Tue Mar 17 13:42:10 2026
# Process ID: 14084
# Current directory: C:/Users/Muhammad Murtaza/Desktop/unis shit/sem 4/CA/CA-labs-mm09736-spring-26-/vivavo files
# Command line: vivado.exe -gui_launcher_event rodinguilauncherevent10448 C:\Users\Muhammad Murtaza\Desktop\unis shit\sem 4\CA\CA-labs-mm09736-spring-26-\vivavo files\project_1.xpr
# Log file: C:/Users/Muhammad Murtaza/Desktop/unis shit/sem 4/CA/CA-labs-mm09736-spring-26-/vivavo files/vivado.log
# Journal file: C:/Users/Muhammad Murtaza/Desktop/unis shit/sem 4/CA/CA-labs-mm09736-spring-26-/vivavo files\vivado.jou
#-----------------------------------------------------------
start_gui
open_project {C:/Users/Muhammad Murtaza/Desktop/unis shit/sem 4/CA/CA-labs-mm09736-spring-26-/vivavo files/project_1.xpr}
INFO: [ProjectBase 1-489] The host OS only allows 260 characters in a normal path. The project is stored in a path with more than 80 characters. If you experience issues with IP, Block Designs, or files not being found, please consider moving the project to a location with a shorter path. Alternately consider using the OS subst command to map part of the path to a drive letter.
Current project path is 'C:/Users/Muhammad Murtaza/Desktop/unis shit/sem 4/CA/CA-labs-mm09736-spring-26-/vivavo files'
Scanning sources...
Finished scanning sources
INFO: [IP_Flow 19-234] Refreshing IP repositories
INFO: [IP_Flow 19-1704] No user IP repositories specified
INFO: [IP_Flow 19-2313] Loaded Vivado IP repository 'C:/Xilinx/Vivado/2020.1/data/ip'.
open_project: Time (s): cpu = 00:00:23 ; elapsed = 00:00:15 . Memory (MB): peak = 1015.570 ; gain = 0.000
update_compile_order -fileset sources_1
close [ open {C:/Users/Muhammad Murtaza/Desktop/unis shit/sem 4/CA/CA-labs-mm09736-spring-26-/vivavo files/project_1.srcs/sources_1/new/ALU control.v} w ]
add_files {{C:/Users/Muhammad Murtaza/Desktop/unis shit/sem 4/CA/CA-labs-mm09736-spring-26-/vivavo files/project_1.srcs/sources_1/new/ALU control.v}}
update_compile_order -fileset sources_1
close [ open {C:/Users/Muhammad Murtaza/Desktop/unis shit/sem 4/CA/CA-labs-mm09736-spring-26-/vivavo files/project_1.srcs/sources_1/new/top_lab9.v} w ]
add_files {{C:/Users/Muhammad Murtaza/Desktop/unis shit/sem 4/CA/CA-labs-mm09736-spring-26-/vivavo files/project_1.srcs/sources_1/new/top_lab9.v}}
update_compile_order -fileset sources_1
set_property top top_lab9 [current_fileset]
update_compile_order -fileset sources_1
close [ open {C:/Users/Muhammad Murtaza/Desktop/unis shit/sem 4/CA/CA-labs-mm09736-spring-26-/vivavo files/project_1.srcs/constrs_1/new/lab9_const.xdc} w ]
add_files -fileset constrs_1 {{C:/Users/Muhammad Murtaza/Desktop/unis shit/sem 4/CA/CA-labs-mm09736-spring-26-/vivavo files/project_1.srcs/constrs_1/new/lab9_const.xdc}}
set_property is_enabled false [get_files  {{C:/Users/Muhammad Murtaza/Desktop/unis shit/sem 4/CA/CA-labs-mm09736-spring-26-/vivavo files/project_1.srcs/constrs_1/new/lab8_const.xdc}}]
set_property target_constrs_file {C:/Users/Muhammad Murtaza/Desktop/unis shit/sem 4/CA/CA-labs-mm09736-spring-26-/vivavo files/project_1.srcs/constrs_1/new/lab9_const.xdc} [current_fileset -constrset]
reset_run synth_1
launch_runs impl_1 -jobs 4
[Tue Mar 17 15:08:57 2026] Launched synth_1...
Run output will be captured here: C:/Users/Muhammad Murtaza/Desktop/unis shit/sem 4/CA/CA-labs-mm09736-spring-26-/vivavo files/project_1.runs/synth_1/runme.log
[Tue Mar 17 15:08:58 2026] Launched impl_1...
Run output will be captured here: C:/Users/Muhammad Murtaza/Desktop/unis shit/sem 4/CA/CA-labs-mm09736-spring-26-/vivavo files/project_1.runs/impl_1/runme.log
open_run impl_1
INFO: [Device 21-403] Loading part xc7a35tcpg236-1
Netlist sorting complete. Time (s): cpu = 00:00:00 ; elapsed = 00:00:00.001 . Memory (MB): peak = 1113.539 ; gain = 0.000
INFO: [Project 1-479] Netlist was created with Vivado 2020.1
INFO: [Project 1-570] Preparing netlist for logic optimization
Reading XDEF placement.
Reading placer database...
Reading XDEF routing.
Read XDEF File: Time (s): cpu = 00:00:00 ; elapsed = 00:00:00.039 . Memory (MB): peak = 1190.172 ; gain = 0.000
Restored from archive | CPU: 0.000000 secs | Memory: 0.000000 MB |
Finished XDEF File Restore: Time (s): cpu = 00:00:00 ; elapsed = 00:00:00.040 . Memory (MB): peak = 1190.172 ; gain = 0.000
Netlist sorting complete. Time (s): cpu = 00:00:00 ; elapsed = 00:00:00 . Memory (MB): peak = 1190.172 ; gain = 0.000
INFO: [Project 1-111] Unisim Transformation Summary:
No Unisim elements were transformed.

open_run: Time (s): cpu = 00:00:26 ; elapsed = 00:00:18 . Memory (MB): peak = 1316.957 ; gain = 301.387
WARNING: [Timing 38-313] There are no user specified timing constraints. Timing constraints are needed for proper timing analysis.
set_property IOSTANDARD LVCMOS33 [get_ports [list {led[15]} {led[14]} {led[13]} {led[12]} {led[11]} {led[10]} {led[9]} {led[8]} {led[7]} {led[6]} {led[5]} {led[4]} {led[3]} {led[2]} {led[1]} {led[0]}]]
place_ports {led[15]} L1
place_ports {led[14]} P1
place_ports {led[13]} N3
place_ports {led[12]} A18
place_ports {led[12]} P3
place_ports {led[11]} U3
place_ports {led[10]} W3
place_ports {led[9]} V3
startgroup
set_property package_pin "" [get_ports [list  {led[2]}]]
place_ports {led[8]} V13
endgroup
startgroup
set_property package_pin "" [get_ports [list  {led[1]}]]
place_ports {led[8]} V14
endgroup
startgroup
set_property package_pin "" [get_ports [list  {led[0]}]]
place_ports {led[7]} U14
endgroup
startgroup
set_property package_pin "" [get_ports [list  {led[4]}]]
place_ports {led[6]} U15
endgroup
startgroup
set_property package_pin "" [get_ports [list  {sw[2]}]]
place_ports {led[5]} W18
endgroup
startgroup
set_property package_pin "" [get_ports [list  {sw[3]}]]
place_ports {led[4]} V19
endgroup
startgroup
set_property package_pin "" [get_ports [list  {sw[4]}]]
place_ports {led[3]} U19
endgroup
place_ports {led[2]} E19
place_ports {led[1]} U16
startgroup
set_property package_pin "" [get_ports [list  {led[1]}]]
place_ports {led[0]} U16
endgroup
startgroup
set_property package_pin "" [get_ports [list  {led[2]}]]
place_ports {led[1]} E19
endgroup
startgroup
set_property package_pin "" [get_ports [list  {led[3]}]]
place_ports {led[2]} U19
endgroup
startgroup
set_property package_pin "" [get_ports [list  {led[4]}]]
place_ports {led[3]} V19
endgroup
startgroup
set_property package_pin "" [get_ports [list  {led[5]}]]
place_ports {led[4]} W18
endgroup
startgroup
set_property package_pin "" [get_ports [list  {led[6]}]]
place_ports {led[5]} U15
endgroup
startgroup
set_property package_pin "" [get_ports [list  {led[7]}]]
place_ports {led[6]} U14
endgroup
startgroup
set_property package_pin "" [get_ports [list  {led[8]}]]
place_ports {led[7]} V14
endgroup
place_ports {led[8]} V13
set_property IOSTANDARD LVCMOS33 [get_ports [list {sw[15]} {sw[14]} {sw[13]} {sw[12]} {sw[11]} {sw[10]} {sw[9]} {sw[8]} {sw[7]} {sw[6]} {sw[5]} {sw[4]} {sw[3]} {sw[2]} {sw[1]} {sw[0]}]]
place_ports {sw[15]} R2
place_ports {sw[14]} T1
place_ports {sw[13]} U1
place_ports {sw[12]} W2
place_ports {sw[11]} R3
place_ports {sw[10]} T2
place_ports {sw[9]} T3
place_ports {sw[8]} V2
place_ports {sw[7]} W13
place_ports {sw[6]} W14
place_ports {sw[5]} V15
place_ports {sw[4]} W15
place_ports {sw[3]} W17
place_ports {sw[2]} W16
place_ports {sw[1]} V16
place_ports {sw[0]} V17
set_property IOSTANDARD LVCMOS33 [get_ports [list clk]]
set_property IOSTANDARD LVCMOS33 [get_ports [list rst]]
place_ports clk W5
place_ports rst U18
save_constraints
reset_run synth_1
launch_runs impl_1 -to_step write_bitstream -jobs 4
[Tue Mar 17 15:20:36 2026] Launched synth_1...
Run output will be captured here: C:/Users/Muhammad Murtaza/Desktop/unis shit/sem 4/CA/CA-labs-mm09736-spring-26-/vivavo files/project_1.runs/synth_1/runme.log
[Tue Mar 17 15:20:36 2026] Launched impl_1...
Run output will be captured here: C:/Users/Muhammad Murtaza/Desktop/unis shit/sem 4/CA/CA-labs-mm09736-spring-26-/vivavo files/project_1.runs/impl_1/runme.log
close_design
close_design: Time (s): cpu = 00:00:12 ; elapsed = 00:00:09 . Memory (MB): peak = 2778.020 ; gain = 481.676
open_run impl_1
Netlist sorting complete. Time (s): cpu = 00:00:00 ; elapsed = 00:00:00.001 . Memory (MB): peak = 2778.020 ; gain = 0.000
INFO: [Project 1-479] Netlist was created with Vivado 2020.1
INFO: [Project 1-570] Preparing netlist for logic optimization
INFO: [Timing 38-478] Restoring timing data from binary archive.
INFO: [Timing 38-479] Binary timing data restore complete.
INFO: [Project 1-856] Restoring constraints from binary archive.
INFO: [Project 1-853] Binary constraint restore complete.
Reading XDEF placement.
Reading placer database...
Reading XDEF routing.
Read XDEF File: Time (s): cpu = 00:00:00 ; elapsed = 00:00:00.041 . Memory (MB): peak = 2778.020 ; gain = 0.000
Restored from archive | CPU: 0.000000 secs | Memory: 0.000000 MB |
Finished XDEF File Restore: Time (s): cpu = 00:00:00 ; elapsed = 00:00:00.041 . Memory (MB): peak = 2778.020 ; gain = 0.000
Netlist sorting complete. Time (s): cpu = 00:00:00 ; elapsed = 00:00:00 . Memory (MB): peak = 2778.020 ; gain = 0.000
INFO: [Project 1-111] Unisim Transformation Summary:
No Unisim elements were transformed.

open_run: Time (s): cpu = 00:00:10 ; elapsed = 00:00:07 . Memory (MB): peak = 2778.020 ; gain = 0.000
open_hw_manager
connect_hw_server -allow_non_jtag
INFO: [Labtools 27-2285] Connecting to hw_server url TCP:localhost:3121
INFO: [Labtools 27-2222] Launching hw_server...
INFO: [Labtools 27-2221] Launch Output:

****** Xilinx hw_server v2020.1
  **** Build date : May 27 2020 at 20:24:38
    ** Copyright 1986-2020 Xilinx, Inc. All Rights Reserved.


INFO: [Labtools 27-3415] Connecting to cs_server url TCP:localhost:3042
INFO: [Labtools 27-3417] Launching cs_server...
INFO: [Labtools 27-2221] Launch Output:


****** Xilinx cs_server v2020.1.0
  **** Build date : May 14 2020-06:10:29
    ** Copyright 2017-2020 Xilinx, Inc. All Rights Reserved.



connect_hw_server: Time (s): cpu = 00:00:01 ; elapsed = 00:00:11 . Memory (MB): peak = 3161.055 ; gain = 0.000
open_hw_target
INFO: [Labtoolstcl 44-466] Opening hw_target localhost:3121/xilinx_tcf/Digilent/210183AF3060A
open_hw_target: Time (s): cpu = 00:00:05 ; elapsed = 00:00:05 . Memory (MB): peak = 3945.195 ; gain = 784.141
set_property PROGRAM.FILE {C:/Users/Muhammad Murtaza/Desktop/unis shit/sem 4/CA/CA-labs-mm09736-spring-26-/vivavo files/project_1.runs/impl_1/top_lab9.bit} [get_hw_devices xc7a35t_0]
current_hw_device [get_hw_devices xc7a35t_0]
refresh_hw_device -update_hw_probes false [lindex [get_hw_devices xc7a35t_0] 0]
INFO: [Labtools 27-1434] Device xc7a35t (JTAG device index = 0) is programmed with a design that has no supported debug core(s) in it.
reset_run synth_1
launch_runs impl_1 -to_step write_bitstream -jobs 4
[Tue Mar 17 15:31:59 2026] Launched synth_1...
Run output will be captured here: C:/Users/Muhammad Murtaza/Desktop/unis shit/sem 4/CA/CA-labs-mm09736-spring-26-/vivavo files/project_1.runs/synth_1/runme.log
[Tue Mar 17 15:31:59 2026] Launched impl_1...
Run output will be captured here: C:/Users/Muhammad Murtaza/Desktop/unis shit/sem 4/CA/CA-labs-mm09736-spring-26-/vivavo files/project_1.runs/impl_1/runme.log
close_hw_manager
close_hw_manager: Time (s): cpu = 00:00:13 ; elapsed = 00:00:10 . Memory (MB): peak = 4191.836 ; gain = 244.766
open_hw_manager
connect_hw_server -allow_non_jtag
INFO: [Labtools 27-2285] Connecting to hw_server url TCP:localhost:3121
INFO: [Labtools 27-2222] Launching hw_server...
INFO: [Labtools 27-2221] Launch Output:

****** Xilinx hw_server v2020.1
  **** Build date : May 27 2020 at 20:24:38
    ** Copyright 1986-2020 Xilinx, Inc. All Rights Reserved.


INFO: [Labtools 27-3415] Connecting to cs_server url TCP:localhost:3042
INFO: [Labtools 27-3417] Launching cs_server...
INFO: [Labtools 27-2221] Launch Output:


****** Xilinx cs_server v2020.1.0
  **** Build date : May 14 2020-06:10:29
    ** Copyright 2017-2020 Xilinx, Inc. All Rights Reserved.



connect_hw_server: Time (s): cpu = 00:00:01 ; elapsed = 00:00:09 . Memory (MB): peak = 4192.180 ; gain = 0.000
open_hw_target
INFO: [Labtoolstcl 44-466] Opening hw_target localhost:3121/xilinx_tcf/Digilent/210183AF3060A
set_property PROGRAM.FILE {C:/Users/Muhammad Murtaza/Desktop/unis shit/sem 4/CA/CA-labs-mm09736-spring-26-/vivavo files/project_1.runs/impl_1/top_lab9.bit} [get_hw_devices xc7a35t_0]
current_hw_device [get_hw_devices xc7a35t_0]
refresh_hw_device -update_hw_probes false [lindex [get_hw_devices xc7a35t_0] 0]
INFO: [Labtools 27-1434] Device xc7a35t (JTAG device index = 0) is programmed with a design that has no supported debug core(s) in it.
set_property PROBES.FILE {} [get_hw_devices xc7a35t_0]
set_property FULL_PROBES.FILE {} [get_hw_devices xc7a35t_0]
set_property PROGRAM.FILE {C:/Users/Muhammad Murtaza/Desktop/unis shit/sem 4/CA/CA-labs-mm09736-spring-26-/vivavo files/project_1.runs/impl_1/top_lab9.bit} [get_hw_devices xc7a35t_0]
program_hw_devices [get_hw_devices xc7a35t_0]
INFO: [Labtools 27-3164] End of startup status: HIGH
refresh_hw_device [lindex [get_hw_devices xc7a35t_0] 0]
INFO: [Labtools 27-1434] Device xc7a35t (JTAG device index = 0) is programmed with a design that has no supported debug core(s) in it.
set_property PROBES.FILE {} [get_hw_devices xc7a35t_0]
set_property FULL_PROBES.FILE {} [get_hw_devices xc7a35t_0]
set_property PROGRAM.FILE {C:/Users/Muhammad Murtaza/Desktop/unis shit/sem 4/CA/CA-labs-mm09736-spring-26-/vivavo files/project_1.runs/impl_1/top_lab9.bit} [get_hw_devices xc7a35t_0]
program_hw_devices [get_hw_devices xc7a35t_0]
INFO: [Labtools 27-3164] End of startup status: HIGH
refresh_hw_device [lindex [get_hw_devices xc7a35t_0] 0]
INFO: [Labtools 27-1434] Device xc7a35t (JTAG device index = 0) is programmed with a design that has no supported debug core(s) in it.
ERROR: [Labtoolstcl 44-513] HW Target shutdown. Closing target: localhost:3121/xilinx_tcf/Digilent/210183AF3060A
close_hw_manager
close_hw_manager: Time (s): cpu = 00:00:15 ; elapsed = 00:00:18 . Memory (MB): peak = 4434.094 ; gain = 241.914
close_design
close_design: Time (s): cpu = 00:00:16 ; elapsed = 00:00:16 . Memory (MB): peak = 4648.492 ; gain = 137.895
set_property SOURCE_SET sources_1 [get_filesets sim_1]
close [ open {C:/Users/Muhammad Murtaza/Desktop/unis shit/sem 4/CA/CA-labs-mm09736-spring-26-/vivavo files/project_1.srcs/sim_1/new/control path_tb.v} w ]
add_files -fileset sim_1 {{C:/Users/Muhammad Murtaza/Desktop/unis shit/sem 4/CA/CA-labs-mm09736-spring-26-/vivavo files/project_1.srcs/sim_1/new/control path_tb.v}}
update_compile_order -fileset sim_1
set_property top tb_control [get_filesets sim_1]
set_property top_lib xil_defaultlib [get_filesets sim_1]
launch_simulation
Command: launch_simulation 
INFO: [Vivado 12-5682] Launching behavioral simulation in 'C:/Users/Muhammad Murtaza/Desktop/unis shit/sem 4/CA/CA-labs-mm09736-spring-26-/vivavo files/project_1.sim/sim_1/behav/xsim'
INFO: [SIM-utils-51] Simulation object is 'sim_1'
INFO: [SIM-utils-54] Inspecting design source files for 'tb_control' in fileset 'sim_1'...
INFO: [USF-XSim-97] Finding global include files...
INFO: [USF-XSim-98] Fetching design files from 'sim_1'...
INFO: [USF-XSim-2] XSim::Compile design
INFO: [USF-XSim-61] Executing 'COMPILE and ANALYZE' step in 'C:/Users/Muhammad Murtaza/Desktop/unis shit/sem 4/CA/CA-labs-mm09736-spring-26-/vivavo files/project_1.sim/sim_1/behav/xsim'
"xvlog --incr --relax -prj tb_control_vlog.prj"
INFO: [VRFC 10-2263] Analyzing Verilog file "C:/Users/Muhammad Murtaza/Desktop/unis shit/sem 4/CA/CA-labs-mm09736-spring-26-/vivavo files/project_1.srcs/sources_1/new/ALU control.v" into library xil_defaultlib
INFO: [VRFC 10-311] analyzing module ALUControl
INFO: [VRFC 10-2263] Analyzing Verilog file "C:/Users/Muhammad Murtaza/Desktop/unis shit/sem 4/CA/CA-labs-mm09736-spring-26-/vivavo files/project_1.srcs/sources_1/new/control unit.v" into library xil_defaultlib
INFO: [VRFC 10-311] analyzing module MainControl
INFO: [VRFC 10-2263] Analyzing Verilog file "C:/Users/Muhammad Murtaza/Desktop/unis shit/sem 4/CA/CA-labs-mm09736-spring-26-/vivavo files/project_1.srcs/sim_1/new/control path_tb.v" into library xil_defaultlib
INFO: [VRFC 10-311] analyzing module tb_control
INFO: [USF-XSim-69] 'compile' step finished in '5' seconds
INFO: [USF-XSim-3] XSim::Elaborate design
INFO: [USF-XSim-61] Executing 'ELABORATE' step in 'C:/Users/Muhammad Murtaza/Desktop/unis shit/sem 4/CA/CA-labs-mm09736-spring-26-/vivavo files/project_1.sim/sim_1/behav/xsim'
"xelab -wto 136214d76bf54cc4b2f9150d81700ac5 --incr --debug typical --relax --mt 2 -L xil_defaultlib -L unisims_ver -L unimacro_ver -L secureip --snapshot tb_control_behav xil_defaultlib.tb_control xil_defaultlib.glbl -log elaborate.log"
Vivado Simulator 2020.1
Copyright 1986-1999, 2001-2020 Xilinx, Inc. All Rights Reserved.
Running: C:/Xilinx/Vivado/2020.1/bin/unwrapped/win64.o/xelab.exe -wto 136214d76bf54cc4b2f9150d81700ac5 --incr --debug typical --relax --mt 2 -L xil_defaultlib -L unisims_ver -L unimacro_ver -L secureip --snapshot tb_control_behav xil_defaultlib.tb_control xil_defaultlib.glbl -log elaborate.log 
Using 2 slave threads.
Starting static elaboration
Pass Through NonSizing Optimizer
Completed static elaboration
Starting simulation data flow analysis
Completed simulation data flow analysis
Time Resolution for simulation is 1ps
Compiling module xil_defaultlib.MainControl
Compiling module xil_defaultlib.ALUControl
Compiling module xil_defaultlib.tb_control
Compiling module xil_defaultlib.glbl
Built simulation snapshot tb_control_behav

****** Webtalk v2020.1 (64-bit)
  **** SW Build 2902540 on Wed May 27 19:54:49 MDT 2020
  **** IP Build 2902112 on Wed May 27 22:43:36 MDT 2020
    ** Copyright 1986-2020 Xilinx, Inc. All Rights Reserved.

source C:/Users/Muhammad -notrace
couldn't read file "C:/Users/Muhammad": no such file or directory
INFO: [Common 17-206] Exiting Webtalk at Tue Mar 17 21:12:52 2026...
run_program: Time (s): cpu = 00:00:01 ; elapsed = 00:00:11 . Memory (MB): peak = 4648.492 ; gain = 0.000
INFO: [USF-XSim-69] 'elaborate' step finished in '11' seconds
INFO: [USF-XSim-4] XSim::Simulate design
INFO: [USF-XSim-61] Executing 'SIMULATE' step in 'C:/Users/Muhammad Murtaza/Desktop/unis shit/sem 4/CA/CA-labs-mm09736-spring-26-/vivavo files/project_1.sim/sim_1/behav/xsim'
INFO: [USF-XSim-98] *** Running xsim
   with args "tb_control_behav -key {Behavioral:sim_1:Functional:tb_control} -tclbatch {tb_control.tcl} -log {simulate.log}"
INFO: [USF-XSim-8] Loading simulator feature
Vivado Simulator 2020.1
Time resolution is 1 ps
source tb_control.tcl
# set curr_wave [current_wave_config]
# if { [string length $curr_wave] == 0 } {
#   if { [llength [get_objects]] > 0} {
#     add_wave /
#     set_property needs_save false [current_wave_config]
#   } else {
#      send_msg_id Add_Wave-1 WARNING "No top level signals found. Simulator will start without a wave window. If you want to open a wave window go to 'File->New Waveform Configuration' or type 'create_wave_config' in the TCL console."
#   }
# }
# run 1000ns
=== Control Path Testbench ===
opcode=0110011 funct3=000 | RW=1 ASrc=0 MR=0 MW=0 M2R=0 Br=0 ALUCtl=0011 | ALUCtl exp=0011 PASS
opcode=0110011 funct3=000 | RW=1 ASrc=0 MR=0 MW=0 M2R=0 Br=0 ALUCtl=0100 | ALUCtl exp=0100 PASS
opcode=0110011 funct3=001 | RW=1 ASrc=0 MR=0 MW=0 M2R=0 Br=0 ALUCtl=0101 | ALUCtl exp=0101 PASS
opcode=0110011 funct3=101 | RW=1 ASrc=0 MR=0 MW=0 M2R=0 Br=0 ALUCtl=0110 | ALUCtl exp=0110 PASS
opcode=0110011 funct3=111 | RW=1 ASrc=0 MR=0 MW=0 M2R=0 Br=0 ALUCtl=0000 | ALUCtl exp=0000 PASS
opcode=0110011 funct3=110 | RW=1 ASrc=0 MR=0 MW=0 M2R=0 Br=0 ALUCtl=0001 | ALUCtl exp=0001 PASS
opcode=0110011 funct3=100 | RW=1 ASrc=0 MR=0 MW=0 M2R=0 Br=0 ALUCtl=0010 | ALUCtl exp=0010 PASS
opcode=0010011 funct3=000 | RW=1 ASrc=1 MR=0 MW=0 M2R=0 Br=0 ALUCtl=0011 | ALUCtl exp=0011 PASS
opcode=0000011 funct3=010 | RW=1 ASrc=1 MR=1 MW=0 M2R=1 Br=0 ALUCtl=0011 | ALUCtl exp=0011 PASS
opcode=0100011 funct3=010 | RW=0 ASrc=1 MR=0 MW=1 M2R=0 Br=0 ALUCtl=0011 | ALUCtl exp=0011 PASS
opcode=1100011 funct3=000 | RW=0 ASrc=0 MR=0 MW=0 M2R=0 Br=1 ALUCtl=0100 | ALUCtl exp=0100 PASS
$finish called at time : 110 ns : File "C:/Users/Muhammad Murtaza/Desktop/unis shit/sem 4/CA/CA-labs-mm09736-spring-26-/vivavo files/project_1.srcs/sim_1/new/control path_tb.v" Line 64
xsim: Time (s): cpu = 00:00:10 ; elapsed = 00:00:08 . Memory (MB): peak = 4648.492 ; gain = 0.000
INFO: [USF-XSim-96] XSim completed. Design snapshot 'tb_control_behav' loaded.
INFO: [USF-XSim-97] XSim simulation ran for 1000ns
launch_simulation: Time (s): cpu = 00:00:13 ; elapsed = 00:00:26 . Memory (MB): peak = 4648.492 ; gain = 0.000
update_compile_order -fileset sim_1
open_run impl_1
Netlist sorting complete. Time (s): cpu = 00:00:00 ; elapsed = 00:00:00 . Memory (MB): peak = 4648.492 ; gain = 0.000
INFO: [Project 1-479] Netlist was created with Vivado 2020.1
INFO: [Project 1-570] Preparing netlist for logic optimization
INFO: [Timing 38-478] Restoring timing data from binary archive.
INFO: [Timing 38-479] Binary timing data restore complete.
INFO: [Project 1-856] Restoring constraints from binary archive.
INFO: [Project 1-853] Binary constraint restore complete.
Reading XDEF placement.
Reading placer database...
Reading XDEF routing.
Read XDEF File: Time (s): cpu = 00:00:00 ; elapsed = 00:00:00.120 . Memory (MB): peak = 4648.492 ; gain = 0.000
Restored from archive | CPU: 0.000000 secs | Memory: 0.000000 MB |
Finished XDEF File Restore: Time (s): cpu = 00:00:00 ; elapsed = 00:00:00.125 . Memory (MB): peak = 4648.492 ; gain = 0.000
Netlist sorting complete. Time (s): cpu = 00:00:00 ; elapsed = 00:00:00 . Memory (MB): peak = 4648.492 ; gain = 0.000
INFO: [Project 1-111] Unisim Transformation Summary:
No Unisim elements were transformed.

open_run: Time (s): cpu = 00:00:18 ; elapsed = 00:00:14 . Memory (MB): peak = 4648.492 ; gain = 0.000
close_sim
INFO: [Simtcl 6-16] Simulation closed
exit
INFO: [Common 17-206] Exiting Vivado at Tue Mar 17 21:23:51 2026...
