#-----------------------------------------------------------
# Vivado v2020.1 (64-bit)
# SW Build 2902540 on Wed May 27 19:54:49 MDT 2020
# IP Build 2902112 on Wed May 27 22:43:36 MDT 2020
# Start of session at: Tue Mar 24 12:24:53 2026
# Process ID: 10620
# Current directory: C:/CA-labs-mm09736-spring-26-/vivavo files
# Command line: vivado.exe -gui_launcher_event rodinguilauncherevent14952 C:\CA-labs-mm09736-spring-26-\vivavo files\project_1.xpr
# Log file: C:/CA-labs-mm09736-spring-26-/vivavo files/vivado.log
# Journal file: C:/CA-labs-mm09736-spring-26-/vivavo files\vivado.jou
#-----------------------------------------------------------
start_gui
open_project {C:/CA-labs-mm09736-spring-26-/vivavo files/project_1.xpr}
INFO: [Project 1-313] Project file moved from 'C:/Users/Muhammad Murtaza/Desktop/unis shit/sem 4/CA/CA-labs-mm09736-spring-26-/vivavo files' since last save.
Scanning sources...
Finished scanning sources
INFO: [IP_Flow 19-234] Refreshing IP repositories
INFO: [IP_Flow 19-1704] No user IP repositories specified
INFO: [IP_Flow 19-2313] Loaded Vivado IP repository 'C:/Xilinx/Vivado/2020.1/data/ip'.
open_project: Time (s): cpu = 00:00:07 ; elapsed = 00:00:06 . Memory (MB): peak = 1007.219 ; gain = 0.000
update_compile_order -fileset sources_1
import_files -norecurse {{C:/Users/1544-001-005/OneDrive - Habib University/HU/Semester 4/Computer Architecture/CA Labs/Lab 10 Assembly part/machine_code.mem}}
close [ open {C:/CA-labs-mm09736-spring-26-/vivavo files/project_1.srcs/sources_1/new/InstructionMemory.v} w ]
add_files {{C:/CA-labs-mm09736-spring-26-/vivavo files/project_1.srcs/sources_1/new/InstructionMemory.v}}
update_compile_order -fileset sources_1
close [ open {C:/CA-labs-mm09736-spring-26-/vivavo files/project_1.srcs/sources_1/new/top_lab10.v} w ]
add_files {{C:/CA-labs-mm09736-spring-26-/vivavo files/project_1.srcs/sources_1/new/top_lab10.v}}
update_compile_order -fileset sources_1
set_property top top_lab10 [current_fileset]
update_compile_order -fileset sources_1
reset_run synth_1
launch_runs impl_1 -to_step write_bitstream -jobs 8
[Tue Mar 24 14:01:45 2026] Launched synth_1...
Run output will be captured here: C:/CA-labs-mm09736-spring-26-/vivavo files/project_1.runs/synth_1/runme.log
[Tue Mar 24 14:01:45 2026] Launched impl_1...
Run output will be captured here: C:/CA-labs-mm09736-spring-26-/vivavo files/project_1.runs/impl_1/runme.log
close [ open {C:/CA-labs-mm09736-spring-26-/vivavo files/project_1.srcs/constrs_1/new/lab10_constraints.xdc} w ]
add_files -fileset constrs_1 {{C:/CA-labs-mm09736-spring-26-/vivavo files/project_1.srcs/constrs_1/new/lab10_constraints.xdc}}
set_property is_enabled false [get_files  {{C:/CA-labs-mm09736-spring-26-/vivavo files/project_1.srcs/constrs_1/new/lab9_const.xdc}}]
set_property target_constrs_file {C:/CA-labs-mm09736-spring-26-/vivavo files/project_1.srcs/constrs_1/new/lab10_constraints.xdc} [current_fileset -constrset]
reset_run synth_1
launch_runs impl_1 -to_step write_bitstream -jobs 8
[Tue Mar 24 14:20:31 2026] Launched synth_1...
Run output will be captured here: C:/CA-labs-mm09736-spring-26-/vivavo files/project_1.runs/synth_1/runme.log
[Tue Mar 24 14:20:31 2026] Launched impl_1...
Run output will be captured here: C:/CA-labs-mm09736-spring-26-/vivavo files/project_1.runs/impl_1/runme.log
